Log file open, 12/21/21 21:25:15
LogWindows: Failed to load 'aqProf.dll' (GetLastError=126)
LogWindows: File 'aqProf.dll' does not exist
LogWindows: Failed to load 'VtuneApi.dll' (GetLastError=126)
LogWindows: File 'VtuneApi.dll' does not exist
LogWindows: Failed to load 'VtuneApi32e.dll' (GetLastError=126)
LogWindows: File 'VtuneApi32e.dll' does not exist
LogConsoleResponse: Display: Failed to find resolution value strings in scalability ini. Falling back to default.
LogConsoleResponse: Display: Failed to find resolution value strings in scalability ini. Falling back to default.
LogInit: Display: Running engine for game: DagMaloah
LogPlatformFile: Not using cached read wrapper
LogTaskGraph: Started task graph with 5 named threads and 47 total threads with 3 sets of task threads.
LogStats: Stats thread started at 0.210728
LogICUInternationalization: ICU TimeZone Detection - Raw Offset: +2:00, Platform Override: ''
LogInit: Display: Loading text-based GConfig....
LogPluginManager: Mounting plugin MeshPainting
LogPluginManager: Mounting plugin XGEController
LogPluginManager: Mounting plugin Paper2D
LogPluginManager: Mounting plugin EnvironmentQueryEditor
LogPluginManager: Mounting plugin AISupport
LogPluginManager: Mounting plugin OodleData
LogPluginManager: Mounting plugin LiveLink
LogPluginManager: Mounting plugin OodleNetwork
LogPluginManager: Mounting plugin GameplayCameras
LogPluginManager: Mounting plugin CameraShakePreviewer
LogPluginManager: Mounting plugin LightPropagationVolume
LogPluginManager: Mounting plugin AnimationSharing
LogPluginManager: Mounting plugin CLionSourceCodeAccess
LogPluginManager: Mounting plugin CodeLiteSourceCodeAccess
LogPluginManager: Mounting plugin DatasmithContent
LogPluginManager: Mounting plugin GitSourceControl
LogPluginManager: Mounting plugin KDevelopSourceCodeAccess
LogPluginManager: Mounting plugin NullSourceCodeAccess
LogPluginManager: Mounting plugin PerforceSourceControl
LogPluginManager: Mounting plugin PixWinPlugin
LogPluginManager: Mounting plugin PlasticSourceControl
LogPluginManager: Mounting plugin PropertyAccessNode
LogPluginManager: Mounting plugin PluginUtils
LogPluginManager: Mounting plugin SubversionSourceControl
LogPluginManager: Mounting plugin RiderSourceCodeAccess
LogPluginManager: Mounting plugin TextureFormatOodle
LogPluginManager: Mounting plugin UObjectPlugin
LogPluginManager: Mounting plugin VisualStudioSourceCodeAccess
LogPluginManager: Mounting plugin VariantManagerContent
LogPluginManager: Mounting plugin VisualStudioCodeSourceCodeAccess
LogPluginManager: Mounting plugin LuminPlatformFeatures
LogPluginManager: Mounting plugin XCodeSourceCodeAccess
LogPluginManager: Mounting plugin Niagara
LogPluginManager: Mounting plugin AutomationUtils
LogPluginManager: Mounting plugin MagicLeap
LogPluginManager: Mounting plugin BackChannel
LogPluginManager: Mounting plugin MagicLeapLightEstimation
LogPluginManager: Mounting plugin ChaosCloth
LogPluginManager: Mounting plugin ChaosClothEditor
LogPluginManager: Mounting plugin ChaosEditor
LogPluginManager: Mounting plugin ChaosNiagara
LogPluginManager: Mounting plugin MagicLeapPassableWorld
LogPluginManager: Mounting plugin ChaosSolverPlugin
LogPluginManager: Mounting plugin MagicLeapMedia
LogPluginManager: Mounting plugin AlembicImporter
LogPluginManager: Mounting plugin MLSDK
LogPluginManager: Mounting plugin CharacterAI
LogPluginManager: Mounting plugin AssetManagerEditor
LogPluginManager: Mounting plugin GeometryCache
LogPluginManager: Mounting plugin GeometryCollectionPlugin
LogPluginManager: Mounting plugin CryptoKeys
LogPluginManager: Mounting plugin CurveEditorTools
LogPluginManager: Mounting plugin GeometryMode
LogPluginManager: Mounting plugin GameplayTagsEditor
LogPluginManager: Mounting plugin DataValidation
LogPluginManager: Mounting plugin MaterialAnalyzer
LogPluginManager: Mounting plugin MobileLauncherProfileWizard
LogPluginManager: Mounting plugin MacGraphicsSwitching
LogPluginManager: Mounting plugin FacialAnimation
LogPluginManager: Mounting plugin PluginBrowser
LogPluginManager: Mounting plugin SpeedTreeImporter
LogPluginManager: Mounting plugin TcpMessaging
LogPluginManager: Mounting plugin UdpMessaging
LogPluginManager: Mounting plugin GeometryProcessing
LogPluginManager: Mounting plugin MotoSynth
LogPluginManager: Mounting plugin OpenImageDenoise
LogPluginManager: Mounting plugin PlanarCut
LogPluginManager: Mounting plugin PlatformCrypto
LogPluginManager: Mounting plugin ProxyLODPlugin
LogPluginManager: Mounting plugin PythonScriptPlugin
LogPluginManager: Mounting plugin SkeletalReduction
LogPluginManager: Mounting plugin AndroidMedia
LogPluginManager: Mounting plugin AvfMedia
LogPluginManager: Mounting plugin ImgMedia
LogPluginManager: Mounting plugin MediaCompositing
LogPluginManager: Mounting plugin ActorSequence
LogPluginManager: Mounting plugin LevelSequenceEditor
LogPluginManager: Mounting plugin MatineeToLevelSequence
LogPluginManager: Mounting plugin WebMMedia
LogPluginManager: Mounting plugin WmfMedia
LogPluginManager: Mounting plugin TemplateSequence
LogPluginManager: Mounting plugin LauncherChunkInstaller
LogPluginManager: Mounting plugin OnlineSubsystem
LogPluginManager: Mounting plugin MediaPlayerEditor
LogPluginManager: Mounting plugin OnlineSubsystemNull
LogPluginManager: Mounting plugin OnlineSubsystemUtils
LogPluginManager: Mounting plugin ActorLayerUtilities
LogPluginManager: Mounting plugin AndroidDeviceProfileSelector
LogPluginManager: Mounting plugin AndroidMoviePlayer
LogPluginManager: Mounting plugin AppleImageUtils
LogPluginManager: Mounting plugin AppleMoviePlayer
LogPluginManager: Mounting plugin AssetTags
LogPluginManager: Mounting plugin ArchVisCharacter
LogPluginManager: Mounting plugin AudioCapture
LogPluginManager: Mounting plugin AudioSynesthesia
LogPluginManager: Mounting plugin CableComponent
LogPluginManager: Mounting plugin ChunkDownloader
LogPluginManager: Mounting plugin CustomMeshComponent
LogPluginManager: Mounting plugin AndroidPermission
LogPluginManager: Mounting plugin ExampleDeviceProfileSelector
LogPluginManager: Mounting plugin EditableMesh
LogPluginManager: Mounting plugin GoogleCloudMessaging
LogPluginManager: Mounting plugin GooglePAD
LogPluginManager: Mounting plugin ScreenshotTools
LogPluginManager: Mounting plugin IOSDeviceProfileSelector
LogPluginManager: Mounting plugin Takes
LogPluginManager: Mounting plugin LinuxDeviceProfileSelector
LogPluginManager: Mounting plugin LocationServicesBPLibrary
LogPluginManager: Mounting plugin MobilePatchingUtils
LogPluginManager: Mounting plugin OpenXREyeTracker
LogPluginManager: Mounting plugin OpenXRHandTracking
LogPluginManager: Mounting plugin OpenXR
LogPluginManager: Mounting plugin PhysXVehicles
LogPluginManager: Mounting plugin PostSplashScreen
LogPluginManager: Mounting plugin ProceduralMeshComponent
LogPluginManager: Mounting plugin RuntimePhysXCooking
LogPluginManager: Mounting plugin SignificanceManager
LogPluginManager: Mounting plugin SoundFields
LogPluginManager: Mounting plugin Synthesis
LogPluginManager: Mounting plugin PropertyAccessEditor
LogPluginManager: Mounting plugin WebMMoviePlayer
LogPluginManager: Mounting plugin WindowsMoviePlayer
LogPluginManager: Mounting plugin ContentBrowserClassDataSource
LogPluginManager: Mounting plugin ContentBrowserAssetDataSource
LogPluginManager: Mounting plugin ContentBrowserFileDataSource
LogPluginManager: Mounting plugin OnlineSubsystemGooglePlay
LogPluginManager: Mounting plugin OnlineSubsystemIOS
LogPluginManager: Mounting plugin OculusVR
LogPluginManager: Mounting plugin SteamVR
PixWinPlugin: PIX capture plugin failed to initialize! Check that the process is launched from PIX.
LogInit: Using libcurl 7.55.1-DEV
LogInit:  - built for x86_64-pc-win32
LogInit:  - supports SSL with OpenSSL/1.1.1
LogInit:  - supports HTTP deflate (compression) using libz 1.2.8
LogInit:  - other features:
LogInit:      CURL_VERSION_SSL
LogInit:      CURL_VERSION_LIBZ
LogInit:      CURL_VERSION_IPV6
LogInit:      CURL_VERSION_ASYNCHDNS
LogInit:      CURL_VERSION_LARGEFILE
LogInit:      CURL_VERSION_IDN
LogInit:  CurlRequestOptions (configurable via config and command line):
LogInit:  - bVerifyPeer = true  - Libcurl will verify peer certificate
LogInit:  - bUseHttpProxy = false  - Libcurl will NOT use HTTP proxy
LogInit:  - bDontReuseConnections = false  - Libcurl will reuse connections
LogInit:  - MaxHostConnections = 16  - Libcurl will limit the number of connections to a host
LogInit:  - LocalHostAddr = Default
LogInit:  - BufferSize = 65536
LogOnline: OSS: Creating online subsystem instance for: NULL
LogInit: WinSock: version 1.1 (2.2), MaxSocks=32767, MaxUdp=65467
LogOnline: OSS: TryLoadSubsystemAndSetDefault: Loaded subsystem for module [NULL]
LogOculusPluginWrapper: OculusPlugin initialized successfully
LogHMD: Failed initializing OVRPlugin 1.59.0
LogInit: Build: ++UE4+Release-4.27-CL-18319896
LogInit: Engine Version: 4.27.2-18319896+++UE4+Release-4.27
LogInit: Compatible Engine Version: 4.27.0-17155196+++UE4+Release-4.27
LogInit: Net CL: 17155196
LogInit: OS: Windows 10 (Release 2009) (), CPU: Intel(R) Core(TM) i7-10870H CPU @ 2.20GHz, GPU: Intel(R) UHD Graphics
LogInit: Compiled (64-bit): Nov 30 2021 07:12:08
LogInit: Compiled with Visual C++: 19.24.28315.00
LogInit: Build Configuration: Development
LogInit: Branch Name: ++UE4+Release-4.27
LogInit: Command Line: 
LogInit: Base Directory: C:/Program Files/Epic Games/UE_4.27/Engine/Binaries/Win64/
LogInit: Allocator: TBB
LogInit: Installed Engine Build: 1
LogDevObjectVersion: Number of dev versions registered: 29
LogDevObjectVersion:   Dev-Blueprints (B0D832E4-1F89-4F0D-ACCF-7EB736FD4AA2): 10
LogDevObjectVersion:   Dev-Build (E1C64328-A22C-4D53-A36C-8E866417BD8C): 0
LogDevObjectVersion:   Dev-Core (375EC13C-06E4-48FB-B500-84F0262A717E): 4
LogDevObjectVersion:   Dev-Editor (E4B068ED-F494-42E9-A231-DA0B2E46BB41): 40
LogDevObjectVersion:   Dev-Framework (CFFC743F-43B0-4480-9391-14DF171D2073): 37
LogDevObjectVersion:   Dev-Mobile (B02B49B5-BB20-44E9-A304-32B752E40360): 3
LogDevObjectVersion:   Dev-Networking (A4E4105C-59A1-49B5-A7C5-40C4547EDFEE): 0
LogDevObjectVersion:   Dev-Online (39C831C9-5AE6-47DC-9A44-9C173E1C8E7C): 0
LogDevObjectVersion:   Dev-Physics (78F01B33-EBEA-4F98-B9B4-84EACCB95AA2): 14
LogDevObjectVersion:   Dev-Platform (6631380F-2D4D-43E0-8009-CF276956A95A): 0
LogDevObjectVersion:   Dev-Rendering (12F88B9F-8875-4AFC-A67C-D90C383ABD29): 45
LogDevObjectVersion:   Dev-Sequencer (7B5AE74C-D270-4C10-A958-57980B212A5A): 13
LogDevObjectVersion:   Dev-VR (D7296918-1DD6-4BDD-9DE2-64A83CC13884): 3
LogDevObjectVersion:   Dev-LoadTimes (C2A15278-BFE7-4AFE-6C17-90FF531DF755): 1
LogDevObjectVersion:   Private-Geometry (6EACA3D4-40EC-4CC1-B786-8BED09428FC5): 3
LogDevObjectVersion:   Dev-AnimPhys (29E575DD-E0A3-4627-9D10-D276232CDCEA): 17
LogDevObjectVersion:   Dev-Anim (AF43A65D-7FD3-4947-9873-3E8ED9C1BB05): 15
LogDevObjectVersion:   Dev-ReflectionCapture (6B266CEC-1EC7-4B8F-A30B-E4D90942FC07): 1
LogDevObjectVersion:   Dev-Automation (0DF73D61-A23F-47EA-B727-89E90C41499A): 1
LogDevObjectVersion:   FortniteMain (601D1886-AC64-4F84-AA16-D3DE0DEAC7D6): 47
LogDevObjectVersion:   FortniteRelease (E7086368-6B23-4C58-8439-1B7016265E91): 1
LogDevObjectVersion:   Dev-Enterprise (9DFFBCD6-494F-0158-E221-12823C92A888): 10
LogDevObjectVersion:   Dev-Niagara (F2AED0AC-9AFE-416F-8664-AA7FFA26D6FC): 1
LogDevObjectVersion:   Dev-Destruction (174F1F0B-B4C6-45A5-B13F-2EE8D0FB917D): 10
LogDevObjectVersion:   Dev-Physics-Ext (35F94A83-E258-406C-A318-09F59610247C): 41
LogDevObjectVersion:   Dev-PhysicsMaterial-Chaos (B68FC16E-8B1B-42E2-B453-215C058844FE): 1
LogDevObjectVersion:   Dev-CineCamera (B2E18506-4273-CFC2-A54E-F4BB758BBA07): 1
LogDevObjectVersion:   Dev-VirtualProduction (64F58936-FD1B-42BA-BA96-7289D5D0FA4E): 1
LogDevObjectVersion:   Dev-MediaFramework (6F0ED827-A609-4895-9C91-998D90180EA4): 2
LogInit: Presizing for max 25165824 objects, including 0 objects not considered by GC, pre-allocating 0 bytes for permanent pool.
LogConfig: Applying CVar settings from Section [/Script/Engine.StreamingSettings] File [C:/Unreal Projects/DagMaloah/DagMaloah/Saved/Config/Windows/Engine.ini]
LogConfig: Setting CVar [[s.MinBulkDataSizeForAsyncLoading:131072]]
LogConfig: Setting CVar [[s.AsyncLoadingThreadEnabled:0]]
LogConfig: Setting CVar [[s.EventDrivenLoaderEnabled:1]]
LogConfig: Setting CVar [[s.WarnIfTimeLimitExceeded:0]]
LogConfig: Setting CVar [[s.TimeLimitExceededMultiplier:1.5]]
LogConfig: Setting CVar [[s.TimeLimitExceededMinTime:0.005]]
LogConfig: Setting CVar [[s.UseBackgroundLevelStreaming:1]]
LogConfig: Setting CVar [[s.PriorityAsyncLoadingExtraTime:15.0]]
LogConfig: Setting CVar [[s.LevelStreamingActorsUpdateTimeLimit:5.0]]
LogConfig: Setting CVar [[s.PriorityLevelStreamingActorsUpdateExtraTime:5.0]]
LogConfig: Setting CVar [[s.LevelStreamingComponentsRegistrationGranularity:10]]
LogConfig: Setting CVar [[s.UnregisterComponentsTimeLimit:1.0]]
LogConfig: Setting CVar [[s.LevelStreamingComponentsUnregistrationGranularity:5]]
LogConfig: Setting CVar [[s.FlushStreamingOnExit:1]]
LogInit: Object subsystem initialized
LogConfig: Setting CVar [[con.DebugEarlyDefault:1]]
LogConfig: Setting CVar [[r.setres:1280x720]]
[2021.12.21-19.25.16:073][  0]LogConfig: Setting CVar [[r.VSync:0]]
[2021.12.21-19.25.16:073][  0]LogConfig: Setting CVar [[r.RHICmdBypass:0]]
[2021.12.21-19.25.16:073][  0]LogConfig: Applying CVar settings from Section [/Script/Engine.RendererSettings] File [C:/Unreal Projects/DagMaloah/DagMaloah/Saved/Config/Windows/Engine.ini]
[2021.12.21-19.25.16:073][  0]LogConfig: Setting CVar [[r.GPUCrashDebugging:0]]
[2021.12.21-19.25.16:073][  0]LogConfig: Applying CVar settings from Section [/Script/Engine.RendererOverrideSettings] File [C:/Unreal Projects/DagMaloah/DagMaloah/Saved/Config/Windows/Engine.ini]
[2021.12.21-19.25.16:073][  0]LogConfig: Applying CVar settings from Section [/Script/Engine.StreamingSettings] File [C:/Unreal Projects/DagMaloah/DagMaloah/Saved/Config/Windows/Engine.ini]
[2021.12.21-19.25.16:073][  0]LogConfig: Setting CVar [[s.MinBulkDataSizeForAsyncLoading:131072]]
[2021.12.21-19.25.16:073][  0]LogConfig: Setting CVar [[s.AsyncLoadingThreadEnabled:0]]
[2021.12.21-19.25.16:073][  0]LogConfig: Setting CVar [[s.EventDrivenLoaderEnabled:1]]
[2021.12.21-19.25.16:073][  0]LogConfig: Setting CVar [[s.WarnIfTimeLimitExceeded:0]]
[2021.12.21-19.25.16:073][  0]LogConfig: Setting CVar [[s.TimeLimitExceededMultiplier:1.5]]
[2021.12.21-19.25.16:073][  0]LogConfig: Setting CVar [[s.TimeLimitExceededMinTime:0.005]]
[2021.12.21-19.25.16:073][  0]LogConfig: Setting CVar [[s.UseBackgroundLevelStreaming:1]]
[2021.12.21-19.25.16:073][  0]LogConfig: Setting CVar [[s.PriorityAsyncLoadingExtraTime:15.0]]
[2021.12.21-19.25.16:073][  0]LogConfig: Setting CVar [[s.LevelStreamingActorsUpdateTimeLimit:5.0]]
[2021.12.21-19.25.16:073][  0]LogConfig: Setting CVar [[s.PriorityLevelStreamingActorsUpdateExtraTime:5.0]]
[2021.12.21-19.25.16:073][  0]LogConfig: Setting CVar [[s.LevelStreamingComponentsRegistrationGranularity:10]]
[2021.12.21-19.25.16:073][  0]LogConfig: Setting CVar [[s.UnregisterComponentsTimeLimit:1.0]]
[2021.12.21-19.25.16:073][  0]LogConfig: Setting CVar [[s.LevelStreamingComponentsUnregistrationGranularity:5]]
[2021.12.21-19.25.16:073][  0]LogConfig: Setting CVar [[s.FlushStreamingOnExit:1]]
[2021.12.21-19.25.16:073][  0]LogConfig: Applying CVar settings from Section [/Script/Engine.GarbageCollectionSettings] File [C:/Unreal Projects/DagMaloah/DagMaloah/Saved/Config/Windows/Engine.ini]
[2021.12.21-19.25.16:073][  0]LogConfig: Setting CVar [[gc.MaxObjectsNotConsideredByGC:1]]
[2021.12.21-19.25.16:073][  0]LogConfig: Setting CVar [[gc.SizeOfPermanentObjectPool:0]]
[2021.12.21-19.25.16:073][  0]LogConfig: Setting CVar [[gc.FlushStreamingOnGC:0]]
[2021.12.21-19.25.16:073][  0]LogConfig: Setting CVar [[gc.NumRetriesBeforeForcingGC:10]]
[2021.12.21-19.25.16:073][  0]LogConfig: Setting CVar [[gc.AllowParallelGC:1]]
[2021.12.21-19.25.16:073][  0]LogConfig: Setting CVar [[gc.TimeBetweenPurgingPendingKillObjects:61.1]]
[2021.12.21-19.25.16:073][  0]LogConfig: Setting CVar [[gc.MaxObjectsInEditor:25165824]]
[2021.12.21-19.25.16:073][  0]LogConfig: Setting CVar [[gc.IncrementalBeginDestroyEnabled:1]]
[2021.12.21-19.25.16:073][  0]LogConfig: Setting CVar [[gc.CreateGCClusters:1]]
[2021.12.21-19.25.16:073][  0]LogConfig: Setting CVar [[gc.MinGCClusterSize:5]]
[2021.12.21-19.25.16:073][  0]LogConfig: Setting CVar [[gc.ActorClusteringEnabled:0]]
[2021.12.21-19.25.16:073][  0]LogConfig: Setting CVar [[gc.BlueprintClusteringEnabled:0]]
[2021.12.21-19.25.16:073][  0]LogConfig: Setting CVar [[gc.UseDisregardForGCOnDedicatedServers:0]]
[2021.12.21-19.25.16:073][  0]LogConfig: Setting CVar [[gc.MultithreadedDestructionEnabled:1]]
[2021.12.21-19.25.16:073][  0]LogConfig: Applying CVar settings from Section [/Script/Engine.NetworkSettings] File [C:/Unreal Projects/DagMaloah/DagMaloah/Saved/Config/Windows/Engine.ini]
[2021.12.21-19.25.16:073][  0]LogConfig: Applying CVar settings from Section [/Script/UnrealEd.CookerSettings] File [C:/Unreal Projects/DagMaloah/DagMaloah/Saved/Config/Windows/Engine.ini]
[2021.12.21-19.25.16:089][  0]LogConfig: Applying CVar settings from Section [ViewDistanceQuality@3] File [C:/Unreal Projects/DagMaloah/DagMaloah/Saved/Config/Windows/Scalability.ini]
[2021.12.21-19.25.16:089][  0]LogConfig: Setting CVar [[r.SkeletalMeshLODBias:0]]
[2021.12.21-19.25.16:089][  0]LogConfig: Setting CVar [[r.ViewDistanceScale:1.0]]
[2021.12.21-19.25.16:089][  0]LogConfig: Applying CVar settings from Section [AntiAliasingQuality@3] File [C:/Unreal Projects/DagMaloah/DagMaloah/Saved/Config/Windows/Scalability.ini]
[2021.12.21-19.25.16:089][  0]LogConfig: Setting CVar [[r.PostProcessAAQuality:4]]
[2021.12.21-19.25.16:089][  0]LogConfig: Applying CVar settings from Section [ShadowQuality@3] File [C:/Unreal Projects/DagMaloah/DagMaloah/Saved/Config/Windows/Scalability.ini]
[2021.12.21-19.25.16:089][  0]LogConfig: Setting CVar [[r.LightFunctionQuality:1]]
[2021.12.21-19.25.16:089][  0]LogConfig: Setting CVar [[r.ShadowQuality:5]]
[2021.12.21-19.25.16:090][  0]LogConfig: Setting CVar [[r.Shadow.CSM.MaxCascades:10]]
[2021.12.21-19.25.16:090][  0]LogConfig: Setting CVar [[r.Shadow.MaxResolution:2048]]
[2021.12.21-19.25.16:090][  0]LogConfig: Setting CVar [[r.Shadow.MaxCSMResolution:2048]]
[2021.12.21-19.25.16:090][  0]LogConfig: Setting CVar [[r.Shadow.RadiusThreshold:0.01]]
[2021.12.21-19.25.16:090][  0]LogConfig: Setting CVar [[r.Shadow.DistanceScale:1.0]]
[2021.12.21-19.25.16:090][  0]LogConfig: Setting CVar [[r.Shadow.CSM.TransitionScale:1.0]]
[2021.12.21-19.25.16:090][  0]LogConfig: Setting CVar [[r.Shadow.PreShadowResolutionFactor:1.0]]
[2021.12.21-19.25.16:090][  0]LogConfig: Setting CVar [[r.DistanceFieldShadowing:1]]
[2021.12.21-19.25.16:090][  0]LogConfig: Setting CVar [[r.DistanceFieldAO:1]]
[2021.12.21-19.25.16:090][  0]LogConfig: Setting CVar [[r.AOQuality:2]]
[2021.12.21-19.25.16:090][  0]LogConfig: Setting CVar [[r.VolumetricFog:1]]
[2021.12.21-19.25.16:090][  0]LogConfig: Setting CVar [[r.VolumetricFog.GridPixelSize:8]]
[2021.12.21-19.25.16:090][  0]LogConfig: Setting CVar [[r.VolumetricFog.GridSizeZ:128]]
[2021.12.21-19.25.16:090][  0]LogConfig: Setting CVar [[r.VolumetricFog.HistoryMissSupersampleCount:4]]
[2021.12.21-19.25.16:090][  0]LogConfig: Setting CVar [[r.LightMaxDrawDistanceScale:1]]
[2021.12.21-19.25.16:090][  0]LogConfig: Setting CVar [[r.CapsuleShadows:1]]
[2021.12.21-19.25.16:090][  0]LogConfig: Applying CVar settings from Section [PostProcessQuality@3] File [C:/Unreal Projects/DagMaloah/DagMaloah/Saved/Config/Windows/Scalability.ini]
[2021.12.21-19.25.16:090][  0]LogConfig: Setting CVar [[r.MotionBlurQuality:4]]
[2021.12.21-19.25.16:090][  0]LogConfig: Setting CVar [[r.AmbientOcclusionMipLevelFactor:0.4]]
[2021.12.21-19.25.16:090][  0]LogConfig: Setting CVar [[r.AmbientOcclusionMaxQuality:100]]
[2021.12.21-19.25.16:090][  0]LogConfig: Setting CVar [[r.AmbientOcclusionLevels:-1]]
[2021.12.21-19.25.16:090][  0]LogConfig: Setting CVar [[r.AmbientOcclusionRadiusScale:1.0]]
[2021.12.21-19.25.16:090][  0]LogConfig: Setting CVar [[r.DepthOfFieldQuality:2]]
[2021.12.21-19.25.16:090][  0]LogConfig: Setting CVar [[r.RenderTargetPoolMin:400]]
[2021.12.21-19.25.16:090][  0]LogConfig: Setting CVar [[r.LensFlareQuality:2]]
[2021.12.21-19.25.16:090][  0]LogConfig: Setting CVar [[r.SceneColorFringeQuality:1]]
[2021.12.21-19.25.16:090][  0]LogConfig: Setting CVar [[r.EyeAdaptationQuality:2]]
[2021.12.21-19.25.16:090][  0]LogConfig: Setting CVar [[r.BloomQuality:5]]
[2021.12.21-19.25.16:090][  0]LogConfig: Setting CVar [[r.FastBlurThreshold:100]]
[2021.12.21-19.25.16:090][  0]LogConfig: Setting CVar [[r.Upscale.Quality:3]]
[2021.12.21-19.25.16:090][  0]LogConfig: Setting CVar [[r.Tonemapper.GrainQuantization:1]]
[2021.12.21-19.25.16:090][  0]LogConfig: Setting CVar [[r.LightShaftQuality:1]]
[2021.12.21-19.25.16:090][  0]LogConfig: Setting CVar [[r.Filter.SizeScale:1]]
[2021.12.21-19.25.16:090][  0]LogConfig: Setting CVar [[r.Tonemapper.Quality:5]]
[2021.12.21-19.25.16:090][  0]LogConfig: Setting CVar [[r.DOF.Gather.AccumulatorQuality:1        ; higher gathering accumulator quality]]
[2021.12.21-19.25.16:090][  0]LogConfig: Setting CVar [[r.DOF.Gather.PostfilterMethod:1          ; Median3x3 postfilering method]]
[2021.12.21-19.25.16:090][  0]LogConfig: Setting CVar [[r.DOF.Gather.EnableBokehSettings:0       ; no bokeh simulation when gathering]]
[2021.12.21-19.25.16:090][  0]LogConfig: Setting CVar [[r.DOF.Gather.RingCount:4                 ; medium number of samples when gathering]]
[2021.12.21-19.25.16:090][  0]LogConfig: Setting CVar [[r.DOF.Scatter.ForegroundCompositing:1    ; additive foreground scattering]]
[2021.12.21-19.25.16:090][  0]LogConfig: Setting CVar [[r.DOF.Scatter.BackgroundCompositing:2    ; additive background scattering]]
[2021.12.21-19.25.16:090][  0]LogConfig: Setting CVar [[r.DOF.Scatter.EnableBokehSettings:1      ; bokeh simulation when scattering]]
[2021.12.21-19.25.16:090][  0]LogConfig: Setting CVar [[r.DOF.Scatter.MaxSpriteRatio:0.1         ; only a maximum of 10% of scattered bokeh]]
[2021.12.21-19.25.16:090][  0]LogConfig: Setting CVar [[r.DOF.Recombine.Quality:1                ; cheap slight out of focus]]
[2021.12.21-19.25.16:090][  0]LogConfig: Setting CVar [[r.DOF.Recombine.EnableBokehSettings:0    ; no bokeh simulation on slight out of focus]]
[2021.12.21-19.25.16:090][  0]LogConfig: Setting CVar [[r.DOF.TemporalAAQuality:1                ; more stable temporal accumulation]]
[2021.12.21-19.25.16:090][  0]LogConfig: Setting CVar [[r.DOF.Kernel.MaxForegroundRadius:0.025]]
[2021.12.21-19.25.16:090][  0]LogConfig: Setting CVar [[r.DOF.Kernel.MaxBackgroundRadius:0.025]]
[2021.12.21-19.25.16:090][  0]LogConfig: Applying CVar settings from Section [TextureQuality@3] File [C:/Unreal Projects/DagMaloah/DagMaloah/Saved/Config/Windows/Scalability.ini]
[2021.12.21-19.25.16:090][  0]LogConfig: Setting CVar [[r.Streaming.MipBias:0]]
[2021.12.21-19.25.16:090][  0]LogConfig: Setting CVar [[r.Streaming.AmortizeCPUToGPUCopy:0]]
[2021.12.21-19.25.16:090][  0]LogConfig: Setting CVar [[r.Streaming.MaxNumTexturesToStreamPerFrame:0]]
[2021.12.21-19.25.16:090][  0]LogConfig: Setting CVar [[r.Streaming.Boost:1]]
[2021.12.21-19.25.16:090][  0]LogConfig: Setting CVar [[r.MaxAnisotropy:8]]
[2021.12.21-19.25.16:090][  0]LogConfig: Setting CVar [[r.VT.MaxAnisotropy:8]]
[2021.12.21-19.25.16:090][  0]LogConfig: Setting CVar [[r.Streaming.LimitPoolSizeToVRAM:0]]
[2021.12.21-19.25.16:090][  0]LogConfig: Setting CVar [[r.Streaming.PoolSize:1000]]
[2021.12.21-19.25.16:090][  0]LogConfig: Setting CVar [[r.Streaming.MaxEffectiveScreenSize:0]]
[2021.12.21-19.25.16:090][  0]LogConfig: Applying CVar settings from Section [EffectsQuality@3] File [C:/Unreal Projects/DagMaloah/DagMaloah/Saved/Config/Windows/Scalability.ini]
[2021.12.21-19.25.16:090][  0]LogConfig: Setting CVar [[r.TranslucencyLightingVolumeDim:64]]
[2021.12.21-19.25.16:090][  0]LogConfig: Setting CVar [[r.RefractionQuality:2]]
[2021.12.21-19.25.16:090][  0]LogConfig: Setting CVar [[r.SSR.Quality:3]]
[2021.12.21-19.25.16:090][  0]LogConfig: Setting CVar [[r.SSR.HalfResSceneColor:0]]
[2021.12.21-19.25.16:090][  0]LogConfig: Setting CVar [[r.SceneColorFormat:4]]
[2021.12.21-19.25.16:090][  0]LogConfig: Setting CVar [[r.DetailMode:2]]
[2021.12.21-19.25.16:090][  0]LogConfig: Setting CVar [[r.TranslucencyVolumeBlur:1]]
[2021.12.21-19.25.16:090][  0]LogConfig: Setting CVar [[r.MaterialQualityLevel:1 ; High quality]]
[2021.12.21-19.25.16:090][  0]LogConfig: Setting CVar [[r.AnisotropicMaterials:1]]
[2021.12.21-19.25.16:090][  0]LogConfig: Setting CVar [[r.SSS.Scale:1]]
[2021.12.21-19.25.16:090][  0]LogConfig: Setting CVar [[r.SSS.SampleSet:2]]
[2021.12.21-19.25.16:090][  0]LogConfig: Setting CVar [[r.SSS.Quality:1]]
[2021.12.21-19.25.16:090][  0]LogConfig: Setting CVar [[r.SSS.HalfRes:0]]
[2021.12.21-19.25.16:090][  0]LogConfig: Setting CVar [[r.SSGI.Quality:3]]
[2021.12.21-19.25.16:090][  0]LogConfig: Setting CVar [[r.EmitterSpawnRateScale:1.0]]
[2021.12.21-19.25.16:090][  0]LogConfig: Setting CVar [[r.ParticleLightQuality:2]]
[2021.12.21-19.25.16:090][  0]LogConfig: Setting CVar [[r.SkyAtmosphere.AerialPerspectiveLUT.FastApplyOnOpaque:1 ; Always have FastSkyLUT 1 in this case to avoid wrong sky]]
[2021.12.21-19.25.16:090][  0]LogConfig: Setting CVar [[r.SkyAtmosphere.AerialPerspectiveLUT.SampleCountMaxPerSlice:4]]
[2021.12.21-19.25.16:090][  0]LogConfig: Setting CVar [[r.SkyAtmosphere.AerialPerspectiveLUT.DepthResolution:16.0]]
[2021.12.21-19.25.16:090][  0]LogConfig: Setting CVar [[r.SkyAtmosphere.FastSkyLUT:1]]
[2021.12.21-19.25.16:090][  0]LogConfig: Setting CVar [[r.SkyAtmosphere.FastSkyLUT.SampleCountMin:4.0]]
[2021.12.21-19.25.16:090][  0]LogConfig: Setting CVar [[r.SkyAtmosphere.FastSkyLUT.SampleCountMax:128.0]]
[2021.12.21-19.25.16:090][  0]LogConfig: Setting CVar [[r.SkyAtmosphere.SampleCountMin:4.0]]
[2021.12.21-19.25.16:090][  0]LogConfig: Setting CVar [[r.SkyAtmosphere.SampleCountMax:128.0]]
[2021.12.21-19.25.16:090][  0]LogConfig: Setting CVar [[r.SkyAtmosphere.TransmittanceLUT.UseSmallFormat:0]]
[2021.12.21-19.25.16:090][  0]LogConfig: Setting CVar [[r.SkyAtmosphere.TransmittanceLUT.SampleCount:10.0]]
[2021.12.21-19.25.16:090][  0]LogConfig: Setting CVar [[r.SkyAtmosphere.MultiScatteringLUT.SampleCount:15.0]]
[2021.12.21-19.25.16:090][  0]LogConfig: Setting CVar [[r.SkyLight.RealTimeReflectionCapture:1]]
[2021.12.21-19.25.16:090][  0]LogConfig: Applying CVar settings from Section [FoliageQuality@3] File [C:/Unreal Projects/DagMaloah/DagMaloah/Saved/Config/Windows/Scalability.ini]
[2021.12.21-19.25.16:090][  0]LogConfig: Setting CVar [[foliage.DensityScale:1.0]]
[2021.12.21-19.25.16:090][  0]LogConfig: Setting CVar [[grass.DensityScale:1.0]]
[2021.12.21-19.25.16:090][  0]LogConfig: Applying CVar settings from Section [ShadingQuality@3] File [C:/Unreal Projects/DagMaloah/DagMaloah/Saved/Config/Windows/Scalability.ini]
[2021.12.21-19.25.16:090][  0]LogConfig: Setting CVar [[r.HairStrands.SkyLighting.IntegrationType:2]]
[2021.12.21-19.25.16:091][  0]LogConfig: Setting CVar [[r.HairStrands.SkyAO.SampleCount:4]]
[2021.12.21-19.25.16:091][  0]LogConfig: Setting CVar [[r.HairStrands.Visibility.MSAA.SamplePerPixel:4]]
[2021.12.21-19.25.16:091][  0]LogInit: Selected Device Profile: [Windows]
[2021.12.21-19.25.16:091][  0]LogInit: Applying CVar settings loaded from the selected device profile: [Windows]
[2021.12.21-19.25.16:091][  0]LogHAL: Display: Platform has ~ 16 GB [16986746880 / 17179869184 / 16], which maps to Larger [LargestMinGB=32, LargerMinGB=12, DefaultMinGB=8, SmallerMinGB=6, SmallestMinGB=0)
[2021.12.21-19.25.16:091][  0]LogInit: Going up to parent DeviceProfile []
[2021.12.21-19.25.16:091][  0]LogConfig: Applying CVar settings from Section [ViewDistanceQuality@3] File [C:/Unreal Projects/DagMaloah/DagMaloah/Saved/Config/Windows/Scalability.ini]
[2021.12.21-19.25.16:091][  0]LogConfig: Setting CVar [[r.SkeletalMeshLODBias:0]]
[2021.12.21-19.25.16:091][  0]LogConfig: Setting CVar [[r.ViewDistanceScale:1.0]]
[2021.12.21-19.25.16:091][  0]LogConfig: Applying CVar settings from Section [AntiAliasingQuality@3] File [C:/Unreal Projects/DagMaloah/DagMaloah/Saved/Config/Windows/Scalability.ini]
[2021.12.21-19.25.16:091][  0]LogConfig: Setting CVar [[r.PostProcessAAQuality:4]]
[2021.12.21-19.25.16:091][  0]LogConfig: Applying CVar settings from Section [ShadowQuality@3] File [C:/Unreal Projects/DagMaloah/DagMaloah/Saved/Config/Windows/Scalability.ini]
[2021.12.21-19.25.16:091][  0]LogConfig: Setting CVar [[r.LightFunctionQuality:1]]
[2021.12.21-19.25.16:091][  0]LogConfig: Setting CVar [[r.ShadowQuality:5]]
[2021.12.21-19.25.16:091][  0]LogConfig: Setting CVar [[r.Shadow.CSM.MaxCascades:10]]
[2021.12.21-19.25.16:091][  0]LogConfig: Setting CVar [[r.Shadow.MaxResolution:2048]]
[2021.12.21-19.25.16:091][  0]LogConfig: Setting CVar [[r.Shadow.MaxCSMResolution:2048]]
[2021.12.21-19.25.16:091][  0]LogConfig: Setting CVar [[r.Shadow.RadiusThreshold:0.01]]
[2021.12.21-19.25.16:091][  0]LogConfig: Setting CVar [[r.Shadow.DistanceScale:1.0]]
[2021.12.21-19.25.16:091][  0]LogConfig: Setting CVar [[r.Shadow.CSM.TransitionScale:1.0]]
[2021.12.21-19.25.16:091][  0]LogConfig: Setting CVar [[r.Shadow.PreShadowResolutionFactor:1.0]]
[2021.12.21-19.25.16:091][  0]LogConfig: Setting CVar [[r.DistanceFieldShadowing:1]]
[2021.12.21-19.25.16:091][  0]LogConfig: Setting CVar [[r.DistanceFieldAO:1]]
[2021.12.21-19.25.16:091][  0]LogConfig: Setting CVar [[r.AOQuality:2]]
[2021.12.21-19.25.16:091][  0]LogConfig: Setting CVar [[r.VolumetricFog:1]]
[2021.12.21-19.25.16:091][  0]LogConfig: Setting CVar [[r.VolumetricFog.GridPixelSize:8]]
[2021.12.21-19.25.16:091][  0]LogConfig: Setting CVar [[r.VolumetricFog.GridSizeZ:128]]
[2021.12.21-19.25.16:091][  0]LogConfig: Setting CVar [[r.VolumetricFog.HistoryMissSupersampleCount:4]]
[2021.12.21-19.25.16:091][  0]LogConfig: Setting CVar [[r.LightMaxDrawDistanceScale:1]]
[2021.12.21-19.25.16:091][  0]LogConfig: Setting CVar [[r.CapsuleShadows:1]]
[2021.12.21-19.25.16:091][  0]LogConfig: Applying CVar settings from Section [PostProcessQuality@3] File [C:/Unreal Projects/DagMaloah/DagMaloah/Saved/Config/Windows/Scalability.ini]
[2021.12.21-19.25.16:091][  0]LogConfig: Setting CVar [[r.MotionBlurQuality:4]]
[2021.12.21-19.25.16:091][  0]LogConfig: Setting CVar [[r.AmbientOcclusionMipLevelFactor:0.4]]
[2021.12.21-19.25.16:091][  0]LogConfig: Setting CVar [[r.AmbientOcclusionMaxQuality:100]]
[2021.12.21-19.25.16:091][  0]LogConfig: Setting CVar [[r.AmbientOcclusionLevels:-1]]
[2021.12.21-19.25.16:091][  0]LogConfig: Setting CVar [[r.AmbientOcclusionRadiusScale:1.0]]
[2021.12.21-19.25.16:091][  0]LogConfig: Setting CVar [[r.DepthOfFieldQuality:2]]
[2021.12.21-19.25.16:091][  0]LogConfig: Setting CVar [[r.RenderTargetPoolMin:400]]
[2021.12.21-19.25.16:091][  0]LogConfig: Setting CVar [[r.LensFlareQuality:2]]
[2021.12.21-19.25.16:091][  0]LogConfig: Setting CVar [[r.SceneColorFringeQuality:1]]
[2021.12.21-19.25.16:091][  0]LogConfig: Setting CVar [[r.EyeAdaptationQuality:2]]
[2021.12.21-19.25.16:091][  0]LogConfig: Setting CVar [[r.BloomQuality:5]]
[2021.12.21-19.25.16:091][  0]LogConfig: Setting CVar [[r.FastBlurThreshold:100]]
[2021.12.21-19.25.16:091][  0]LogConfig: Setting CVar [[r.Upscale.Quality:3]]
[2021.12.21-19.25.16:091][  0]LogConfig: Setting CVar [[r.Tonemapper.GrainQuantization:1]]
[2021.12.21-19.25.16:091][  0]LogConfig: Setting CVar [[r.LightShaftQuality:1]]
[2021.12.21-19.25.16:091][  0]LogConfig: Setting CVar [[r.Filter.SizeScale:1]]
[2021.12.21-19.25.16:091][  0]LogConfig: Setting CVar [[r.Tonemapper.Quality:5]]
[2021.12.21-19.25.16:091][  0]LogConfig: Setting CVar [[r.DOF.Gather.AccumulatorQuality:1        ; higher gathering accumulator quality]]
[2021.12.21-19.25.16:091][  0]LogConfig: Setting CVar [[r.DOF.Gather.PostfilterMethod:1          ; Median3x3 postfilering method]]
[2021.12.21-19.25.16:091][  0]LogConfig: Setting CVar [[r.DOF.Gather.EnableBokehSettings:0       ; no bokeh simulation when gathering]]
[2021.12.21-19.25.16:091][  0]LogConfig: Setting CVar [[r.DOF.Gather.RingCount:4                 ; medium number of samples when gathering]]
[2021.12.21-19.25.16:091][  0]LogConfig: Setting CVar [[r.DOF.Scatter.ForegroundCompositing:1    ; additive foreground scattering]]
[2021.12.21-19.25.16:091][  0]LogConfig: Setting CVar [[r.DOF.Scatter.BackgroundCompositing:2    ; additive background scattering]]
[2021.12.21-19.25.16:091][  0]LogConfig: Setting CVar [[r.DOF.Scatter.EnableBokehSettings:1      ; bokeh simulation when scattering]]
[2021.12.21-19.25.16:091][  0]LogConfig: Setting CVar [[r.DOF.Scatter.MaxSpriteRatio:0.1         ; only a maximum of 10% of scattered bokeh]]
[2021.12.21-19.25.16:091][  0]LogConfig: Setting CVar [[r.DOF.Recombine.Quality:1                ; cheap slight out of focus]]
[2021.12.21-19.25.16:091][  0]LogConfig: Setting CVar [[r.DOF.Recombine.EnableBokehSettings:0    ; no bokeh simulation on slight out of focus]]
[2021.12.21-19.25.16:091][  0]LogConfig: Setting CVar [[r.DOF.TemporalAAQuality:1                ; more stable temporal accumulation]]
[2021.12.21-19.25.16:091][  0]LogConfig: Setting CVar [[r.DOF.Kernel.MaxForegroundRadius:0.025]]
[2021.12.21-19.25.16:091][  0]LogConfig: Setting CVar [[r.DOF.Kernel.MaxBackgroundRadius:0.025]]
[2021.12.21-19.25.16:091][  0]LogConfig: Applying CVar settings from Section [TextureQuality@3] File [C:/Unreal Projects/DagMaloah/DagMaloah/Saved/Config/Windows/Scalability.ini]
[2021.12.21-19.25.16:091][  0]LogConfig: Setting CVar [[r.Streaming.MipBias:0]]
[2021.12.21-19.25.16:091][  0]LogConfig: Setting CVar [[r.Streaming.AmortizeCPUToGPUCopy:0]]
[2021.12.21-19.25.16:091][  0]LogConfig: Setting CVar [[r.Streaming.MaxNumTexturesToStreamPerFrame:0]]
[2021.12.21-19.25.16:091][  0]LogConfig: Setting CVar [[r.Streaming.Boost:1]]
[2021.12.21-19.25.16:091][  0]LogConfig: Setting CVar [[r.MaxAnisotropy:8]]
[2021.12.21-19.25.16:091][  0]LogConfig: Setting CVar [[r.VT.MaxAnisotropy:8]]
[2021.12.21-19.25.16:091][  0]LogConfig: Setting CVar [[r.Streaming.LimitPoolSizeToVRAM:0]]
[2021.12.21-19.25.16:091][  0]LogConfig: Setting CVar [[r.Streaming.PoolSize:1000]]
[2021.12.21-19.25.16:091][  0]LogConfig: Setting CVar [[r.Streaming.MaxEffectiveScreenSize:0]]
[2021.12.21-19.25.16:091][  0]LogConfig: Applying CVar settings from Section [EffectsQuality@3] File [C:/Unreal Projects/DagMaloah/DagMaloah/Saved/Config/Windows/Scalability.ini]
[2021.12.21-19.25.16:091][  0]LogConfig: Setting CVar [[r.TranslucencyLightingVolumeDim:64]]
[2021.12.21-19.25.16:091][  0]LogConfig: Setting CVar [[r.RefractionQuality:2]]
[2021.12.21-19.25.16:091][  0]LogConfig: Setting CVar [[r.SSR.Quality:3]]
[2021.12.21-19.25.16:091][  0]LogConfig: Setting CVar [[r.SSR.HalfResSceneColor:0]]
[2021.12.21-19.25.16:091][  0]LogConfig: Setting CVar [[r.SceneColorFormat:4]]
[2021.12.21-19.25.16:091][  0]LogConfig: Setting CVar [[r.DetailMode:2]]
[2021.12.21-19.25.16:091][  0]LogConfig: Setting CVar [[r.TranslucencyVolumeBlur:1]]
[2021.12.21-19.25.16:091][  0]LogConfig: Setting CVar [[r.MaterialQualityLevel:1 ; High quality]]
[2021.12.21-19.25.16:091][  0]LogConfig: Setting CVar [[r.AnisotropicMaterials:1]]
[2021.12.21-19.25.16:091][  0]LogConfig: Setting CVar [[r.SSS.Scale:1]]
[2021.12.21-19.25.16:091][  0]LogConfig: Setting CVar [[r.SSS.SampleSet:2]]
[2021.12.21-19.25.16:091][  0]LogConfig: Setting CVar [[r.SSS.Quality:1]]
[2021.12.21-19.25.16:091][  0]LogConfig: Setting CVar [[r.SSS.HalfRes:0]]
[2021.12.21-19.25.16:091][  0]LogConfig: Setting CVar [[r.SSGI.Quality:3]]
[2021.12.21-19.25.16:091][  0]LogConfig: Setting CVar [[r.EmitterSpawnRateScale:1.0]]
[2021.12.21-19.25.16:091][  0]LogConfig: Setting CVar [[r.ParticleLightQuality:2]]
[2021.12.21-19.25.16:091][  0]LogConfig: Setting CVar [[r.SkyAtmosphere.AerialPerspectiveLUT.FastApplyOnOpaque:1 ; Always have FastSkyLUT 1 in this case to avoid wrong sky]]
[2021.12.21-19.25.16:092][  0]LogConfig: Setting CVar [[r.SkyAtmosphere.AerialPerspectiveLUT.SampleCountMaxPerSlice:4]]
[2021.12.21-19.25.16:092][  0]LogConfig: Setting CVar [[r.SkyAtmosphere.AerialPerspectiveLUT.DepthResolution:16.0]]
[2021.12.21-19.25.16:092][  0]LogConfig: Setting CVar [[r.SkyAtmosphere.FastSkyLUT:1]]
[2021.12.21-19.25.16:092][  0]LogConfig: Setting CVar [[r.SkyAtmosphere.FastSkyLUT.SampleCountMin:4.0]]
[2021.12.21-19.25.16:092][  0]LogConfig: Setting CVar [[r.SkyAtmosphere.FastSkyLUT.SampleCountMax:128.0]]
[2021.12.21-19.25.16:092][  0]LogConfig: Setting CVar [[r.SkyAtmosphere.SampleCountMin:4.0]]
[2021.12.21-19.25.16:092][  0]LogConfig: Setting CVar [[r.SkyAtmosphere.SampleCountMax:128.0]]
[2021.12.21-19.25.16:092][  0]LogConfig: Setting CVar [[r.SkyAtmosphere.TransmittanceLUT.UseSmallFormat:0]]
[2021.12.21-19.25.16:092][  0]LogConfig: Setting CVar [[r.SkyAtmosphere.TransmittanceLUT.SampleCount:10.0]]
[2021.12.21-19.25.16:092][  0]LogConfig: Setting CVar [[r.SkyAtmosphere.MultiScatteringLUT.SampleCount:15.0]]
[2021.12.21-19.25.16:092][  0]LogConfig: Setting CVar [[r.SkyLight.RealTimeReflectionCapture:1]]
[2021.12.21-19.25.16:092][  0]LogConfig: Applying CVar settings from Section [FoliageQuality@3] File [C:/Unreal Projects/DagMaloah/DagMaloah/Saved/Config/Windows/Scalability.ini]
[2021.12.21-19.25.16:092][  0]LogConfig: Setting CVar [[foliage.DensityScale:1.0]]
[2021.12.21-19.25.16:092][  0]LogConfig: Setting CVar [[grass.DensityScale:1.0]]
[2021.12.21-19.25.16:092][  0]LogConfig: Applying CVar settings from Section [ShadingQuality@3] File [C:/Unreal Projects/DagMaloah/DagMaloah/Saved/Config/Windows/Scalability.ini]
[2021.12.21-19.25.16:092][  0]LogConfig: Setting CVar [[r.HairStrands.SkyLighting.IntegrationType:2]]
[2021.12.21-19.25.16:092][  0]LogConfig: Setting CVar [[r.HairStrands.SkyAO.SampleCount:4]]
[2021.12.21-19.25.16:092][  0]LogConfig: Setting CVar [[r.HairStrands.Visibility.MSAA.SamplePerPixel:4]]
[2021.12.21-19.25.16:092][  0]LogConfig: Applying CVar settings from Section [Startup] File [../../../Engine/Config/ConsoleVariables.ini]
[2021.12.21-19.25.16:092][  0]LogConfig: Setting CVar [[net.UseAdaptiveNetUpdateFrequency:0]]
[2021.12.21-19.25.16:092][  0]LogConfig: Setting CVar [[p.chaos.AllowCreatePhysxBodies:1]]
[2021.12.21-19.25.16:092][  0]LogConfig: Setting CVar [[fx.SkipVectorVMBackendOptimizations:1]]
[2021.12.21-19.25.16:092][  0]LogConfig: Applying CVar settings from Section [ConsoleVariables] File [C:/Unreal Projects/DagMaloah/DagMaloah/Saved/Config/Windows/Engine.ini]
[2021.12.21-19.25.16:092][  0]LogConfig: Applying CVar settings from Section [ConsoleVariables] File [C:/Unreal Projects/DagMaloah/DagMaloah/Saved/Config/Windows/Editor.ini]
[2021.12.21-19.25.16:092][  0]LogInit: Computer: MSI
[2021.12.21-19.25.16:092][  0]LogInit: User: yotam
[2021.12.21-19.25.16:092][  0]LogInit: CPU Page size=4096, Cores=8
[2021.12.21-19.25.16:092][  0]LogInit: High frequency timer resolution =10.000000 MHz
[2021.12.21-19.25.16:092][  0]LogMemory: Memory total: Physical=15.8GB (16GB approx)
[2021.12.21-19.25.16:092][  0]LogMemory: Platform Memory Stats for Windows
[2021.12.21-19.25.16:092][  0]LogMemory: Process Physical Memory: 150.66 MB used, 150.66 MB peak
[2021.12.21-19.25.16:092][  0]LogMemory: Process Virtual Memory: 129.50 MB used, 129.50 MB peak
[2021.12.21-19.25.16:092][  0]LogMemory: Physical Memory: 11517.38 MB used,  4682.45 MB free, 16199.82 MB total
[2021.12.21-19.25.16:092][  0]LogMemory: Virtual Memory: 134210328.00 MB used,  7397.68 MB free, 134217728.00 MB total
[2021.12.21-19.25.16:132][  0]LogWindows: WindowsPlatformFeatures enabled
[2021.12.21-19.25.16:166][  0]LogInit: Physics initialised using underlying interface: PhysX
[2021.12.21-19.25.16:166][  0]LogInit: Using OS detected language (en-US).
[2021.12.21-19.25.16:166][  0]LogInit: Using OS detected locale (en-US).
[2021.12.21-19.25.16:171][  0]LogTextLocalizationManager: No specific localization for 'en-US' exists, so the 'en' localization will be used.
[2021.12.21-19.25.16:337][  0]LogInit: Setting process to per monitor DPI aware
[2021.12.21-19.25.16:347][  0]LogWindowsTextInputMethodSystem: Display: IME system deactivated.
[2021.12.21-19.25.16:360][  0]LogSlate: New Slate User Created.  User Index 0, Is Virtual User: 0
[2021.12.21-19.25.16:360][  0]LogSlate: Slate User Registered.  User Index 0, Is Virtual User: 0
[2021.12.21-19.25.16:472][  0]LogD3D11RHI: Loaded GFSDK_Aftermath_Lib.x64.dll
[2021.12.21-19.25.16:474][  0]LogHMD: Failed to initialize OpenVR with code 110
[2021.12.21-19.25.16:474][  0]LogD3D11RHI: D3D11 min allowed feature level: 11_0
[2021.12.21-19.25.16:474][  0]LogD3D11RHI: D3D11 max allowed feature level: 11_0
[2021.12.21-19.25.16:474][  0]LogD3D11RHI: D3D11 adapters:
[2021.12.21-19.25.16:584][  0]LogD3D11RHI:    0. 'NVIDIA GeForce RTX 3070 Laptop GPU' (Feature Level 11_0)
[2021.12.21-19.25.16:584][  0]LogD3D11RHI:       8044/0/8099 MB DedicatedVideo/DedicatedSystem/SharedSystem, Outputs:1, VendorId:0x10de
[2021.12.21-19.25.16:607][  0]LogD3D11RHI:    1. 'Intel(R) UHD Graphics' (Feature Level 11_0)
[2021.12.21-19.25.16:607][  0]LogD3D11RHI:       128/0/8099 MB DedicatedVideo/DedicatedSystem/SharedSystem, Outputs:1, VendorId:0x8086
[2021.12.21-19.25.16:609][  0]LogD3D11RHI:    2. 'Microsoft Basic Render Driver' (Feature Level 11_0)
[2021.12.21-19.25.16:609][  0]LogD3D11RHI:       0/0/8099 MB DedicatedVideo/DedicatedSystem/SharedSystem, Outputs:0, VendorId:0x1414
[2021.12.21-19.25.16:609][  0]LogD3D11RHI: Chosen D3D11 Adapter:
[2021.12.21-19.25.16:609][  0]LogD3D11RHI:     Description : NVIDIA GeForce RTX 3070 Laptop GPU
[2021.12.21-19.25.16:609][  0]LogD3D11RHI:     VendorId    : 10de
[2021.12.21-19.25.16:609][  0]LogD3D11RHI:     DeviceId    : 249d
[2021.12.21-19.25.16:609][  0]LogD3D11RHI:     SubSysId    : 12ee1462
[2021.12.21-19.25.16:609][  0]LogD3D11RHI:     Revision    : 00a1
[2021.12.21-19.25.16:609][  0]LogD3D11RHI:     DedicatedVideoMemory : 8434745344 bytes
[2021.12.21-19.25.16:609][  0]LogD3D11RHI:     DedicatedSystemMemory : 0 bytes
[2021.12.21-19.25.16:609][  0]LogD3D11RHI:     SharedSystemMemory : 8493373440 bytes
[2021.12.21-19.25.16:609][  0]LogD3D11RHI:     AdapterLuid : 0 74708
[2021.12.21-19.25.16:615][  0]LogD3D11RHI: Creating new Direct3DDevice
[2021.12.21-19.25.16:615][  0]LogD3D11RHI:     GPU DeviceId: 0x249d (for the marketing name, search the web for "GPU Device Id")
[2021.12.21-19.25.16:615][  0]LogWindows: EnumDisplayDevices:
[2021.12.21-19.25.16:615][  0]LogWindows:    0. 'Intel(R) UHD Graphics' (P:0 D:1)
[2021.12.21-19.25.16:615][  0]LogWindows:    1. 'Intel(R) UHD Graphics' (P:0 D:0)
[2021.12.21-19.25.16:616][  0]LogWindows:    2. 'Intel(R) UHD Graphics' (P:0 D:0)
[2021.12.21-19.25.16:616][  0]LogWindows:    3. 'NVIDIA GeForce RTX 3070 Laptop GPU' (P:1 D:1)
[2021.12.21-19.25.16:616][  0]LogWindows:    4. 'NVIDIA GeForce RTX 3070 Laptop GPU' (P:0 D:0)
[2021.12.21-19.25.16:616][  0]LogWindows:    5. 'NVIDIA GeForce RTX 3070 Laptop GPU' (P:0 D:0)
[2021.12.21-19.25.16:616][  0]LogWindows:    6. 'NVIDIA GeForce RTX 3070 Laptop GPU' (P:0 D:0)
[2021.12.21-19.25.16:616][  0]LogWindows: DebugString: PrimaryIsNotTheChoosenAdapter PrimaryIsNotTheChoosenAdapter PrimaryIsNotTheChoosenAdapter FoundDriverCount:4 
[2021.12.21-19.25.16:616][  0]LogD3D11RHI:     Adapter Name: NVIDIA GeForce RTX 3070 Laptop GPU
[2021.12.21-19.25.16:616][  0]LogD3D11RHI:   Driver Version: 496.13 (internal:30.0.14.9613, unified:496.13)
[2021.12.21-19.25.16:616][  0]LogD3D11RHI:      Driver Date: 10-6-2021
[2021.12.21-19.25.16:616][  0]LogRHI: Texture pool is 5630 MB (70% of 8044 MB)
[2021.12.21-19.25.16:616][  0]LogD3D11RHI: Creating D3DDevice using adapter:
[2021.12.21-19.25.16:616][  0]LogD3D11RHI:     Description : NVIDIA GeForce RTX 3070 Laptop GPU
[2021.12.21-19.25.16:616][  0]LogD3D11RHI:     VendorId    : 10de
[2021.12.21-19.25.16:616][  0]LogD3D11RHI:     DeviceId    : 249d
[2021.12.21-19.25.16:617][  0]LogD3D11RHI:     SubSysId    : 12ee1462
[2021.12.21-19.25.16:617][  0]LogD3D11RHI:     Revision    : 00a1
[2021.12.21-19.25.16:617][  0]LogD3D11RHI:     DedicatedVideoMemory : 8434745344 bytes
[2021.12.21-19.25.16:617][  0]LogD3D11RHI:     DedicatedSystemMemory : 0 bytes
[2021.12.21-19.25.16:617][  0]LogD3D11RHI:     SharedSystemMemory : 8493373440 bytes
[2021.12.21-19.25.16:617][  0]LogD3D11RHI:     AdapterLuid : 0 74708
[2021.12.21-19.25.16:669][  0]LogD3D11RHI: RHI has support for 64 bit atomics
[2021.12.21-19.25.16:669][  0]LogD3D11RHI: Async texture creation enabled
[2021.12.21-19.25.16:669][  0]LogD3D11RHI: Array index from any shader is supported
[2021.12.21-19.25.16:695][  0]LogD3D11RHI: GPU Timing Frequency: 1000.000000 (Debug: 2 2)
[2021.12.21-19.25.16:726][  0]LogRHI: GeForceNow SDK initialized: 1
[2021.12.21-19.25.16:967][  0]LogTargetPlatformManager: Display: Loaded TargetPlatform 'AllDesktop'
[2021.12.21-19.25.16:985][  0]LogTargetPlatformManager: Display: Loaded TargetPlatform 'Android'
[2021.12.21-19.25.16:985][  0]LogTargetPlatformManager: Display: Loaded TargetPlatform 'Android_ASTC'
[2021.12.21-19.25.16:985][  0]LogTargetPlatformManager: Display: Loaded TargetPlatform 'Android_DXT'
[2021.12.21-19.25.16:985][  0]LogTargetPlatformManager: Display: Loaded TargetPlatform 'Android_ETC2'
[2021.12.21-19.25.16:985][  0]LogTargetPlatformManager: Display: Loaded TargetPlatform 'AndroidClient'
[2021.12.21-19.25.16:985][  0]LogTargetPlatformManager: Display: Loaded TargetPlatform 'Android_ASTCClient'
[2021.12.21-19.25.16:985][  0]LogTargetPlatformManager: Display: Loaded TargetPlatform 'Android_DXTClient'
[2021.12.21-19.25.16:985][  0]LogTargetPlatformManager: Display: Loaded TargetPlatform 'Android_ETC2Client'
[2021.12.21-19.25.16:985][  0]LogTargetPlatformManager: Display: Loaded TargetPlatform 'Android_Multi'
[2021.12.21-19.25.16:985][  0]LogTargetPlatformManager: Display: Loaded TargetPlatform 'Android_MultiClient'
[2021.12.21-19.25.17:000][  0]LogTargetPlatformManager: Display: Loaded TargetPlatform 'IOSClient'
[2021.12.21-19.25.17:000][  0]LogTargetPlatformManager: Display: Loaded TargetPlatform 'IOS'
[2021.12.21-19.25.17:009][  0]LogTargetPlatformManager: Display: Loaded TargetPlatform 'Linux'
[2021.12.21-19.25.17:012][  0]LogTargetPlatformManager: Display: Loaded TargetPlatform 'LinuxNoEditor'
[2021.12.21-19.25.17:016][  0]LogTargetPlatformManager: Display: Loaded TargetPlatform 'LinuxClient'
[2021.12.21-19.25.17:019][  0]LogTargetPlatformManager: Display: Loaded TargetPlatform 'LinuxServer'
[2021.12.21-19.25.17:027][  0]LogTargetPlatformManager: Display: Loaded TargetPlatform 'LinuxAArch64NoEditor'
[2021.12.21-19.25.17:031][  0]LogTargetPlatformManager: Display: Loaded TargetPlatform 'LinuxAArch64Client'
[2021.12.21-19.25.17:034][  0]LogTargetPlatformManager: Display: Loaded TargetPlatform 'LinuxAArch64Server'
[2021.12.21-19.25.17:058][  0]LogTargetPlatformManager: Display: Loaded TargetPlatform 'Lumin'
[2021.12.21-19.25.17:058][  0]LogTargetPlatformManager: Display: Loaded TargetPlatform 'LuminClient'
[2021.12.21-19.25.17:065][  0]LogTargetPlatformManager: Display: Loaded TargetPlatform 'MacNoEditor'
[2021.12.21-19.25.17:068][  0]LogTargetPlatformManager: Display: Loaded TargetPlatform 'Mac'
[2021.12.21-19.25.17:071][  0]LogTargetPlatformManager: Display: Loaded TargetPlatform 'MacClient'
[2021.12.21-19.25.17:074][  0]LogTargetPlatformManager: Display: Loaded TargetPlatform 'MacServer'
[2021.12.21-19.25.17:084][  0]LogTargetPlatformManager: Display: Loaded TargetPlatform 'TVOSClient'
[2021.12.21-19.25.17:084][  0]LogTargetPlatformManager: Display: Loaded TargetPlatform 'TVOS'
[2021.12.21-19.25.17:092][  0]LogTargetPlatformManager: Display: Loaded TargetPlatform 'WindowsNoEditor'
[2021.12.21-19.25.17:096][  0]LogTargetPlatformManager: Display: Loaded TargetPlatform 'Windows'
[2021.12.21-19.25.17:099][  0]LogTargetPlatformManager: Display: Loaded TargetPlatform 'WindowsClient'
[2021.12.21-19.25.17:102][  0]LogTargetPlatformManager: Display: Loaded TargetPlatform 'WindowsServer'
[2021.12.21-19.25.17:102][  0]LogTargetPlatformManager: Display: Building Assets For Windows
[2021.12.21-19.25.17:108][  0]LogAudioDebug: Display: Lib vorbis DLL was dynamically loaded.
[2021.12.21-19.25.17:132][  0]LogTextureFormatOodle: Display: Oodle Texture 2.9.0 init RDO Off
[2021.12.21-19.25.17:153][  0]LogRendererCore: Ray tracing is disabled. Reason: r.RayTracing=0.
[2021.12.21-19.25.17:154][  0]LogShaderCompilers: Guid format shader working directory is -8 characters bigger than the processId version (../../../../../../Unreal Projects/DagMaloah/DagMaloah/Intermediate/Shaders/WorkingDirectory/33184/).
[2021.12.21-19.25.17:154][  0]LogShaderCompilers: Cleaned the shader compiler working directory 'C:/Users/yotam/AppData/Local/Temp/UnrealShaderWorkingDir/B99FAB324445AC599D645187C72ADA9C/'.
[2021.12.21-19.25.17:154][  0]LogXGEController: Cannot use XGE Controller as Incredibuild is not installed on this machine.
[2021.12.21-19.25.17:154][  0]LogShaderCompilers: Cannot use XGE Shader Compiler as Incredibuild is not installed on this machine.
[2021.12.21-19.25.17:154][  0]LogShaderCompilers: Display: Using Local Shader Compiler.
[2021.12.21-19.25.17:869][  0]LogDerivedDataCache: Display: Max Cache Size: 512 MB
[2021.12.21-19.25.17:923][  0]LogDerivedDataCache: Loaded boot cache 0.05s 103MB C:/Users/yotam/AppData/Local/UnrealEngine/4.27/DerivedDataCache/Boot.ddc.
[2021.12.21-19.25.17:923][  0]LogDerivedDataCache: Display: Loaded Boot cache: C:/Users/yotam/AppData/Local/UnrealEngine/4.27/DerivedDataCache/Boot.ddc
[2021.12.21-19.25.17:923][  0]LogDerivedDataCache: FDerivedDataBackendGraph:  Pak pak cache file ../../../../../../Unreal Projects/DagMaloah/DagMaloah/DerivedDataCache/DDC.ddp not found, will not use a pak cache.
[2021.12.21-19.25.17:923][  0]LogDerivedDataCache: Unable to find inner node Pak for hierarchical cache Hierarchy.
[2021.12.21-19.25.17:923][  0]LogDerivedDataCache: FDerivedDataBackendGraph:  CompressedPak pak cache file ../../../../../../Unreal Projects/DagMaloah/DagMaloah/DerivedDataCache/Compressed.ddp not found, will not use a pak cache.
[2021.12.21-19.25.17:923][  0]LogDerivedDataCache: Unable to find inner node CompressedPak for hierarchical cache Hierarchy.
[2021.12.21-19.25.17:937][  0]LogDerivedDataCache: Display: Pak cache opened for reading ../../../Engine/DerivedDataCache/Compressed.ddp.
[2021.12.21-19.25.17:938][  0]LogDerivedDataCache: FDerivedDataBackendGraph:  EnterprisePak pak cache file ../../../Enterprise/DerivedDataCache/Compressed.ddp not found, will not use a pak cache.
[2021.12.21-19.25.17:938][  0]LogDerivedDataCache: Unable to find inner node EnterprisePak for hierarchical cache Hierarchy.
[2021.12.21-19.25.17:945][  0]LogDerivedDataCache: Speed tests for C:/Users/yotam/AppData/Local/UnrealEngine/Common/DerivedDataCache took 0.01 seconds
[2021.12.21-19.25.17:945][  0]LogDerivedDataCache: Display: Performance to C:/Users/yotam/AppData/Local/UnrealEngine/Common/DerivedDataCache: Latency=0.02ms. RandomReadSpeed=311.34MBs, RandomWriteSpeed=202.81MBs. Assigned SpeedClass 'Local'
[2021.12.21-19.25.17:946][  0]LogDerivedDataCache: Using Local data cache path C:/Users/yotam/AppData/Local/UnrealEngine/Common/DerivedDataCache: Writable
[2021.12.21-19.25.17:946][  0]LogDerivedDataCache: Shared data cache path not found in *engine.ini, will not use an Shared cache.
[2021.12.21-19.25.17:946][  0]LogDerivedDataCache: Unable to find inner node Shared for hierarchical cache Hierarchy.
[2021.12.21-19.25.17:990][  0]LogSlate: Using FreeType 2.10.0
[2021.12.21-19.25.17:991][  0]LogSlate: SlateFontServices - WITH_FREETYPE: 1, WITH_HARFBUZZ: 1
[2021.12.21-19.25.18:011][  0]LogAssetRegistry: FAssetRegistry took 0.0025 seconds to start up
[2021.12.21-19.25.18:211][  0]LogInit: Selected Device Profile: [Windows]
[2021.12.21-19.25.18:211][  0]LogInit: Active device profile: [000001E6F19C5400][000001E6EEAE9540 49] Windows
[2021.12.21-19.25.18:211][  0]LogInit: Profiles: [000001E6F19C5400][000001E6EEAE9540 49] Windows, [000001E6F1552C00][000001E6EED7D6C0 49] WindowsNoEditor, [000001E6F19C7400][000001E6EED81840 49] WindowsServer, [000001E6F1551200][000001E6EED859C0 49] WindowsClient, [000001E6F154FF00][000001E6EED89B40 49] IOS, [000001E6F19C7300][000001E6EED8C140 49] iPadAir, [000001E6F1550400][000001E6EED942C0 49] iPadAir2, [000001E6F14D0400][000001E6EEAEC540 49] IPadPro, [000001E6F14D0500][000001E6EED98580 49] iPadAir3, [000001E6F154DA00][000001E6EED9C6C0 49] iPadAir4, [000001E6F14D3000][000001E6F109E800 49] iPadMini2, [000001E6F154F400][000001E6F10A2940 49] iPadMini3, [000001E6F14D0D00][000001E6F10B4AC0 49] iPadMini4, [000001E6F154EC00][000001E6F10B8C40 49] iPadMini5, [000001E6F14AFD00][000001E6F26A0F00 49] iPhone6, [000001E6F14AFE00][000001E6F10BCF40 49] iPodTouch6, [000001E6F1551500][000001E6F26A9200 49] iPhone7, [000001E6F1553000][000001E6F26A5240 49] iPodTouch7, [000001E6F14AC200][000001E6F24493C0 49] iPhone5S, [000001E6F14D2E00][000001E6F244D540 49] iPhone6Plus, [000001E6F14ADF00][000001E6F24516C0 49] iPhone6S, [000001E6F14D1300][000001E6F2489840 49] iPhone6SPlus, [000001E6F1551000][000001E6F24959C0 49] iPhone7Plus, [000001E6F14D0200][000001E6F2731B40 49] iPhoneSE, [000001E6F1552B00][000001E6F2734140 49] iPhone8, [000001E6F14D2500][000001E6F27382C0 49] iPhone8Plus, [000001E6F1551D00][000001E6F2740440 49] iPhoneX, [000001E6F14D1600][000001E6F27445C0 49] iPhoneXS, [000001E6F1553500][000001E6F2748740 49] iPhoneXSMax, [000001E6F14D0700][000001E6F10B0880 49] iPhoneXR, [000001E6F1550C00][000001E6F100E9C0 49] iPhone11, [000001E6F14D0F00][000001E6F1012B00 49] iPhone11Pro, [000001E6F1550300][000001E6F101AC80 49] iPhone11ProMax, [000001E6F14D3600][000001E6F274CE00 49] iPhoneSE2, [000001E6F1552800][000001E6F273CF80 49] iPhone12Mini, [000001E6F14D3100][000001E6EED6D100 49] iPhone12, [000001E6F1553A00][000001E6EED71280 49] iPhone12Pro, [000001E6F14D2600][000001E6EED75400 49] iPhone12ProMax, [000001E6F1552400][000001E6EED79580 49] iPadPro105, [000001E6F14D3500][000001E6EEA0F700 49] iPadPro129, [000001E6F1550900][000001E6EED91880 49] iPadPro97, [000001E6F14D1500][000001E6F1197A00 49] iPadPro2_129, [000001E6F1552900][000001E6F119BB80 49] iPad5, [000001E6F14D1A00][000001E6EEA12180 49] iPad6, [000001E6F1553E00][000001E6EEA16300 49] iPad7, [000001E6F14D0300][000001E6EEA1A480 49] iPad8, [000001E6F1550D00][000001E6EEA1E600 49] iPadPro11, [000001E6F14D3200][000001E6EEA22780 49] iPadPro2_11, [000001E6F1550F00][000001E6EEA26900 49] iPadPro3_129, [000001E6F14D3700][000001E6F1016A40 49] iPadPro4_129, [000001E6F1552600][000001E6EEA2AB80 49] AppleTV, [000001E6F14D3F00][000001E6EEA2ECC0 49] AppleTV4K, [000001E6F1550200][000001E6EEAAEE40 49] TVOS, [000001E6F14D0800][000001E6EEAB2FC0 49] Mac, [000001E6F1552E00][000001E6EEAB7140 49] MacClient, [000001E6F14D3800][000001E6EEABB2C0 49] MacNoEditor, [000001E6F1551400][000001E6EEABF440 49] MacServer, [000001E6F14D2100][000001E6EEAC35C0 49] Linux, [000001E6F1553900][000001E6EEAC7740 49] LinuxAArch64, [000001E6F14D0A00][000001E6EEACB8C0 49] LinuxNoEditor, [000001E6F1551C00][000001E6EEACFA40 49] LinuxAArch64NoEditor, [000001E6F14D3D00][000001E6EEAD3BC0 49] LinuxClient, [000001E6F1551900][000001E6F26AC1C0 49] LinuxAArch64Client, [000001E6F14D3300][000001E6F26B0340 49] LinuxServer, [000001E6F1550700][000001E6F26B44C0 49] LinuxAArch64Server, [000001E6F14D2A00][000001E6F26B8640 49] Android, [000001E6F1550100][000001E6F26BC7C0 49] Android_Low, [000001E6F14D1E00][000001E6F26C0980 49] Android_Mid, [000001E6F1550500][000001E6F26C4B00 49] Android_High, [000001E6F14D1D00][000001E6EEA32C40 49] Android_Default, [000001E6F19C7200][000001E6F26C8D80 49] Android_Adreno4xx, [000001E6F14AC500][000001E6F26CCEC0 49] Android_Adreno5xx_Low, [000001E6F19C4200][000001E6F26D5040 49] Android_Adreno5xx, [000001E6F14AD600][000001E6F26D91C0 49] Android_Adreno6xx, [000001E6F19C6900][000001E6F26DD340 49] Android_Adreno6xx_Vulkan, [000001E6F14AD900][000001E6F26E14C0 49] Android_Mali_T6xx, [000001E6F19C6D00][000001E6F26E5640 49] Android_Mali_T7xx, [000001E6F14AD700][000001E6F26E97C0 49] Android_Mali_T8xx, [000001E6F19C6B00][000001E6F26ED940 49] Android_Mali_G71, [000001E6F14AE100][000001E6F26F1AC0 49] Android_Mali_G72, [000001E6F19C5000][000001E6F26F40C0 49] Android_Mali_G72_Vulkan, [000001E6F14AFB00][000001E6F26F8240 49] Android_Mali_G76, [000001E6F19C6000][000001E6F26FC3C0 49] Android_Mali_G76_Vulkan, [000001E6F14AE700][000001E6F2700540 49] Android_Mali_G77, [000001E6F19C6A00][000001E6F27046C0 49] Android_Mali_G77_Vulkan, [000001E6F14AF800][000001E6F2708840 49] Android_Mali_G78, [000001E6F19C4A00][000001E6F270C9C0 49] Android_Mali_G78_Vulkan, [000001E6F14AF700][000001E6F2710B40 49] Android_Mali_G710, [000001E6F19C4700][000001E6F2714CC0 49] Android_Mali_G710_Vulkan, [000001E6F14AF600][000001E6F26D0E00 49] Android_Vulkan_SM5, [000001E6F19C4D00][000001E6F2718F40 49] Android_PowerVR_G6xxx, [000001E6F14AC800][000001E6F2C09080 49] Android_PowerVR_GT7xxx, [000001E6F19C4E00][000001E6F2C0D1C0 49] Android_PowerVR_GE8xxx, [000001E6F14AE400][000001E6F2C15340 49] Android_PowerVR_GM9xxx, [000001E6F19C4300][000001E6F2C194C0 49] Android_PowerVR_GM9xxx_Vulkan, [000001E6F14ADB00][000001E6F2C1D640 49] Android_TegraK1, [000001E6F19C5A00][000001E6F2C217C0 49] Android_Unknown_Vulkan, [000001E6F14D1700][000001E6F2C25940 49] Lumin, [000001E6F19C4B00][000001E6F2C29AC0 49] Lumin_Desktop, [000001E6F14D0E00][000001E6F2C2C0C0 49] HoloLens, 
[2021.12.21-19.25.18:326][  0]LogMeshReduction: Using QuadricMeshReduction for automatic static mesh reduction
[2021.12.21-19.25.18:326][  0]LogMeshReduction: Using SimplygonMeshReduction for automatic skeletal mesh reduction
[2021.12.21-19.25.18:326][  0]LogMeshReduction: Using ProxyLODMeshReduction for automatic mesh merging
[2021.12.21-19.25.18:326][  0]LogMeshReduction: No distributed automatic mesh merging module available
[2021.12.21-19.25.18:326][  0]LogMeshMerging: No distributed automatic mesh merging module available
[2021.12.21-19.25.18:339][  0]LogNetVersion: DagMaloah 1.0.0, NetCL: 17155196, EngineNetVer: 17, GameNetVer: 0 (Checksum: 1782441784)
[2021.12.21-19.25.18:673][  0]LogTexture: Default maximum texture size for cubemaps generated from long-lat sources has been changed from 512 to unlimited. In order to preserve old behaiour for '/Engine/MapTemplates/Sky/DaylightAmbientCubemap.DaylightAmbientCubemap', its maximum texture size has been explicitly set to 512.
[2021.12.21-19.25.18:718][  0]LogHMD: PokeAHoleMaterial loaded successfully
[2021.12.21-19.25.18:722][  0]LogUObjectArray: 17178 objects as part of root set at end of initial load.
[2021.12.21-19.25.18:722][  0]LogUObjectAllocator: 4302048 out of 0 bytes used by permanent object pool.
[2021.12.21-19.25.18:722][  0]LogUObjectArray: CloseDisregardForGC: 0/0 objects in disregard for GC pool
[2021.12.21-19.25.18:846][  0]LogNiagaraDebuggerClient: Niagara Debugger Client Initialized | Session: 410D88684BC3E93B56B6A686F493D4BB | Instance: 038A941A419A041F0F3ACABED915484C (MSI-33184).
[2021.12.21-19.25.19:030][  0]LogTcpMessaging: Initializing TcpMessaging bridge
[2021.12.21-19.25.19:034][  0]LogUdpMessaging: Initializing bridge on interface 0.0.0.0:0 to multicast group 230.0.0.1:6666.
[2021.12.21-19.25.19:043][  0]LogPython: Using Python 3.7.7
[2021.12.21-19.25.19:771][  0]SourceControl: Source control is disabled
[2021.12.21-19.25.20:105][  0]LogUProjectInfo: Found projects:
[2021.12.21-19.25.20:273][  0]LogOpenImageDenoise: OIDN starting up
[2021.12.21-19.25.20:309][  0]LogAudioCaptureCore: Display: No Audio Capture implementations found. Audio input will be silent.
[2021.12.21-19.25.20:309][  0]LogAudioCaptureCore: Display: No Audio Capture implementations found. Audio input will be silent.
[2021.12.21-19.25.20:321][  0]LogAndroidPermission: UAndroidPermissionCallbackProxy::GetInstance
[2021.12.21-19.25.20:408][  0]LogCollectionManager: Loaded 0 collections in 0.001471 seconds
[2021.12.21-19.25.20:431][  0]LogFileCache: Scanning file cache for directory 'C:/Unreal Projects/DagMaloah/DagMaloah/Saved/Collections/' took 0.00s
[2021.12.21-19.25.20:431][  0]LogFileCache: Scanning file cache for directory 'C:/Unreal Projects/DagMaloah/DagMaloah/Content/Developers/yotam/Collections/' took 0.00s
[2021.12.21-19.25.20:431][  0]LogFileCache: Scanning file cache for directory 'C:/Unreal Projects/DagMaloah/DagMaloah/Content/Collections/' took 0.00s
[2021.12.21-19.25.20:431][  0]LogOcInput: OculusInput pre-init called
[2021.12.21-19.25.20:621][  0]LogEngine: Initializing Engine...
[2021.12.21-19.25.20:623][  0]LogHMD: Failed to enumerate extensions. Please check that you have a valid OpenXR runtime installed.
[2021.12.21-19.25.20:623][  0]LogHMD: Failed to initialize OpenVR with code 110
[2021.12.21-19.25.20:623][  0]LogMagicLeap: Warning: VR disabled because ZI is not enabled.  To enable, in the editor, Edit -> Project Settings -> Plugins -> Magic Leap Plugin -> Enable Zero Iteration
[2021.12.21-19.25.20:624][  0]LogStats: UGameplayTagsManager::InitializeManager -  0.000 s
[2021.12.21-19.25.20:736][  0]LogInit: Initializing FReadOnlyCVARCache
[2021.12.21-19.25.20:743][  0]LogAIModule: Creating AISystem for world Untitled
[2021.12.21-19.25.20:757][  0]LogAudio: Display: Initializing Audio Device Manager...
[2021.12.21-19.25.20:760][  0]LogAudio: Display: Loading Default Audio Settings Objects...
[2021.12.21-19.25.20:760][  0]LogAudio: Display: No default SoundConcurrencyObject specified (or failed to load).
[2021.12.21-19.25.20:761][  0]LogAudio: Display: Audio Device Manager Initialized
[2021.12.21-19.25.20:761][  0]LogAudio: Display: Creating Audio Device:                 Id: 1, Scope: Shared, Realtime: True
[2021.12.21-19.25.20:761][  0]LogAudioMixer: Display: Audio Mixer Platform Settings:
[2021.12.21-19.25.20:761][  0]LogAudioMixer: Display: 	Sample Rate:						  48000
[2021.12.21-19.25.20:761][  0]LogAudioMixer: Display: 	Callback Buffer Frame Size Requested: 1024
[2021.12.21-19.25.20:761][  0]LogAudioMixer: Display: 	Callback Buffer Frame Size To Use:	  1024
[2021.12.21-19.25.20:761][  0]LogAudioMixer: Display: 	Number of buffers to queue:			  2
[2021.12.21-19.25.20:761][  0]LogAudioMixer: Display: 	Max Channels (voices):				  32
[2021.12.21-19.25.20:761][  0]LogAudioMixer: Display: 	Number of Async Source Workers:		  0
[2021.12.21-19.25.20:761][  0]LogAudio: Display: AudioDevice MaxSources: 32
[2021.12.21-19.25.20:761][  0]LogAudio: Display: Audio Spatialization Plugin: None (built-in).
[2021.12.21-19.25.20:761][  0]LogAudio: Display: Audio Reverb Plugin: None (built-in).
[2021.12.21-19.25.20:761][  0]LogAudio: Display: Audio Occlusion Plugin: None (built-in).
[2021.12.21-19.25.20:761][  0]LogAudioMixer: Display: Initializing audio mixer.
[2021.12.21-19.25.20:810][  0]LogAudioMixer: Display: 0: FrontLeft
[2021.12.21-19.25.20:810][  0]LogAudioMixer: Display: 1: FrontRight
[2021.12.21-19.25.20:823][  0]LogAudioMixer: Display: Using Audio Device Speakers (2- SteelSeries Arctis 1 Wireless)
[2021.12.21-19.25.20:823][  0]LogAudioMixer: Display: Initializing Sound Submixes...
[2021.12.21-19.25.20:825][  0]LogAudioMixer: Display: Creating Master Submix 'MasterSubmixDefault'
[2021.12.21-19.25.20:825][  0]LogAudioMixer: Display: Creating Master Submix 'MasterReverbSubmixDefault'
[2021.12.21-19.25.20:826][  0]LogAudioMixer: Display: Creating Master Submix 'MasterEQSubmixDefault'
[2021.12.21-19.25.20:826][  0]LogAudioMixer: FMixerPlatformXAudio2::StartAudioStream() called
[2021.12.21-19.25.20:826][  0]LogAudioMixer: Display: Output buffers initialized: Frames=1024, Channels=2, Samples=2048
[2021.12.21-19.25.20:826][  0]LogAudioMixer: Display: Starting AudioMixerPlatformInterface::RunInternal()
[2021.12.21-19.25.20:826][  0]LogAudioMixer: Display: FMixerPlatformXAudio2::SubmitBuffer() called for the first time
[2021.12.21-19.25.20:826][  0]LogInit: FAudioDevice initialized.
[2021.12.21-19.25.20:827][  0]LogAudio: Display: Audio Device (ID: 1) registered with world 'Untitled'.
[2021.12.21-19.25.20:827][  0]LogNetVersion: Set ProjectVersion to 1.0.0.0. Version Checksum will be recalculated on next use.
[2021.12.21-19.25.20:872][  0]LogDerivedDataCache: Saved boot cache 0.05s 103MB C:/Users/yotam/AppData/Local/UnrealEngine/4.27/DerivedDataCache/Boot.ddc.
[2021.12.21-19.25.20:872][  0]LogInit: Texture streaming: Enabled
[2021.12.21-19.25.20:881][  0]LogAnalytics: Display: [UEEditor.Rocket.Release] APIServer = https://datarouter.ol.epicgames.com/. AppVersion = 4.27.2-18319896+++UE4+Release-4.27
[2021.12.21-19.25.20:884][  0]LogEngineSessionManager: EngineSessionManager initialized
[2021.12.21-19.25.20:884][  0]LogEditorSessionSummary: Verbose: Initializing EditorSessionSummaryWriter for editor session tracking
[2021.12.21-19.25.20:888][  0]LogEditorSessionSummary: EditorSessionSummaryWriter initialized
[2021.12.21-19.25.20:910][  0]LogInit: Transaction tracking system initialized
[2021.12.21-19.25.20:925][  0]BlueprintLog: New page: Editor Load
[2021.12.21-19.25.20:972][  0]LocalizationService: Localization service is disabled
[2021.12.21-19.25.20:989][  0]TimingProfiler: Initialize
[2021.12.21-19.25.20:989][  0]TimingProfiler: OnSessionChanged
[2021.12.21-19.25.20:989][  0]LoadingProfiler: Initialize
[2021.12.21-19.25.20:989][  0]LoadingProfiler: OnSessionChanged
[2021.12.21-19.25.20:989][  0]NetworkingProfiler: Initialize
[2021.12.21-19.25.20:989][  0]NetworkingProfiler: OnSessionChanged
[2021.12.21-19.25.20:989][  0]MemoryProfiler: Initialize
[2021.12.21-19.25.20:990][  0]MemoryProfiler: OnSessionChanged
[2021.12.21-19.25.21:109][  0]LogCook: Display: CookSettings for Memory: MemoryMaxUsedVirtual 0MiB, MemoryMaxUsedPhysical 16384MiB, MemoryMinFreeVirtual 0MiB, MemoryMinFreePhysical 1024MiB
[2021.12.21-19.25.21:109][  0]LogCook: Display: Mobile HDR setting 1
[2021.12.21-19.25.21:252][  0]LogFileCache: Scanning file cache for directory 'C:/Unreal Projects/DagMaloah/DagMaloah/Content/' took 0.00s
[2021.12.21-19.25.21:408][  0]LogInit: Display: Engine is initialized. Leaving FEngineLoop::Init()
[2021.12.21-19.25.21:411][  0]LogUnrealEdMisc: Loading editor; pre map load, took 6.198
[2021.12.21-19.25.21:411][  0]Cmd: MAP LOAD FILE="../../../../../../Unreal Projects/DagMaloah/DagMaloah/Content/ThirdPersonCPP/Maps/ThirdPersonExampleMap.umap" TEMPLATE=0 SHOWPROGRESS=1 FEATURELEVEL=3
[2021.12.21-19.25.21:411][  0]LightingResults: New page: Lighting Build
[2021.12.21-19.25.21:412][  0]LogWorld: UWorld::CleanupWorld for Untitled, bSessionEnded=true, bCleanupResources=true
[2021.12.21-19.25.21:412][  0]LogSlate: InvalidateAllWidgets triggered.  All widgets were invalidated
[2021.12.21-19.25.21:412][  0]MapCheck: New page: Map Check
[2021.12.21-19.25.21:412][  0]LightingResults: New page: Lighting Build
[2021.12.21-19.25.21:425][  0]LogAudio: Display: Audio Device unregistered from world 'None'.
[2021.12.21-19.25.21:427][  0]LogUObjectHash: Compacting FUObjectHashTables data took   0.72ms
[2021.12.21-19.25.21:481][  0]LogAudio: Display: Audio Device (ID: 1) registered with world 'ThirdPersonExampleMap'.
[2021.12.21-19.25.21:482][  0]LogAIModule: Creating AISystem for world ThirdPersonExampleMap
[2021.12.21-19.25.21:487][  0]LogEditorServer: Finished looking for orphan Actors (0.000 secs)
[2021.12.21-19.25.21:492][  0]LogUObjectHash: Compacting FUObjectHashTables data took   0.74ms
[2021.12.21-19.25.21:493][  0]Cmd: MAP CHECKDEP NOCLEARLOG
[2021.12.21-19.25.21:493][  0]MapCheck: Map check complete: 0 Error(s), 0 Warning(s), took 0.124ms to complete.
[2021.12.21-19.25.21:493][  0]LogFileHelpers: Loading map 'ThirdPersonExampleMap' took 0.082
[2021.12.21-19.25.21:495][  0]LogUnrealEdMisc: Total Editor Startup Time, took 6.282
[2021.12.21-19.25.21:605][  0]LogSlate: Updating window title bar state: overlay mode, drag disabled, window buttons hidden, title bar hidden
[2021.12.21-19.25.21:611][  0]LogSlate: Updating window title bar state: overlay mode, drag disabled, window buttons hidden, title bar hidden
[2021.12.21-19.25.21:617][  0]LogSlate: Updating window title bar state: overlay mode, drag disabled, window buttons hidden, title bar hidden
[2021.12.21-19.25.21:623][  0]LogSlate: Updating window title bar state: overlay mode, drag disabled, window buttons hidden, title bar hidden
[2021.12.21-19.25.21:635][  0]LogNativeClassHierarchy: Verbose: Native class hierarchy populated in 0.0088 seconds. Added 3824 classes and 930 folders.
[2021.12.21-19.25.21:637][  0]LogNativeClassHierarchy: Verbose: Native class hierarchy updated for 'WidgetCarousel' in 0.0002 seconds. Added 0 classes and 0 folders.
[2021.12.21-19.25.21:638][  0]LogPakFile: PakFile PrimaryIndexSize=187
[2021.12.21-19.25.21:638][  0]LogPakFile: PakFile PathHashIndexSize=101
[2021.12.21-19.25.21:638][  0]LogPakFile: PakFile FullDirectoryIndexSize=148
[2021.12.21-19.25.21:638][  0]LogShaderLibrary: Display: ShaderCodeLibraryPakFileMountedCallback: PakFile 'C:/Program Files/Epic Games/UE_4.27/FeaturePacks/FP_FirstPerson.upack' (chunk index -1, root 'root:/') mounted
[2021.12.21-19.25.21:638][  0]LogShaderLibrary: Display: ShaderCodeLibraryPakFileMountedCallback: pending pak file info (ChunkID:-1 Root:root:/ File:C:/Program Files/Epic Games/UE_4.27/FeaturePacks/FP_FirstPerson.upack)
[2021.12.21-19.25.21:638][  0]LogPakFile: OnPakFileMounted2Time == 0.000071
[2021.12.21-19.25.21:639][  0]LogPakFile: PakFile PrimaryIndexSize=189
[2021.12.21-19.25.21:639][  0]LogPakFile: PakFile PathHashIndexSize=101
[2021.12.21-19.25.21:639][  0]LogPakFile: PakFile FullDirectoryIndexSize=152
[2021.12.21-19.25.21:639][  0]LogShaderLibrary: Display: ShaderCodeLibraryPakFileMountedCallback: PakFile 'C:/Program Files/Epic Games/UE_4.27/FeaturePacks/FP_FirstPersonBP.upack' (chunk index -1, root 'root:/') mounted
[2021.12.21-19.25.21:639][  0]LogShaderLibrary: Display: ShaderCodeLibraryPakFileMountedCallback: pending pak file info (ChunkID:-1 Root:root:/ File:C:/Program Files/Epic Games/UE_4.27/FeaturePacks/FP_FirstPersonBP.upack)
[2021.12.21-19.25.21:639][  0]LogPakFile: OnPakFileMounted2Time == 0.000042
[2021.12.21-19.25.21:640][  0]LogPakFile: PakFile PrimaryIndexSize=191
[2021.12.21-19.25.21:640][  0]LogPakFile: PakFile PathHashIndexSize=101
[2021.12.21-19.25.21:640][  0]LogPakFile: PakFile FullDirectoryIndexSize=160
[2021.12.21-19.25.21:640][  0]LogShaderLibrary: Display: ShaderCodeLibraryPakFileMountedCallback: PakFile 'C:/Program Files/Epic Games/UE_4.27/FeaturePacks/MobileStarterContent.upack' (chunk index -1, root 'root:/') mounted
[2021.12.21-19.25.21:640][  0]LogShaderLibrary: Display: ShaderCodeLibraryPakFileMountedCallback: pending pak file info (ChunkID:-1 Root:root:/ File:C:/Program Files/Epic Games/UE_4.27/FeaturePacks/MobileStarterContent.upack)
[2021.12.21-19.25.21:640][  0]LogPakFile: OnPakFileMounted2Time == 0.000030
[2021.12.21-19.25.21:640][  0]LogPakFile: PakFile PrimaryIndexSize=185
[2021.12.21-19.25.21:640][  0]LogPakFile: PakFile PathHashIndexSize=101
[2021.12.21-19.25.21:640][  0]LogPakFile: PakFile FullDirectoryIndexSize=148
[2021.12.21-19.25.21:640][  0]LogShaderLibrary: Display: ShaderCodeLibraryPakFileMountedCallback: PakFile 'C:/Program Files/Epic Games/UE_4.27/FeaturePacks/StarterContent.upack' (chunk index -1, root 'root:/') mounted
[2021.12.21-19.25.21:640][  0]LogShaderLibrary: Display: ShaderCodeLibraryPakFileMountedCallback: pending pak file info (ChunkID:-1 Root:root:/ File:C:/Program Files/Epic Games/UE_4.27/FeaturePacks/StarterContent.upack)
[2021.12.21-19.25.21:640][  0]LogPakFile: OnPakFileMounted2Time == 0.000035
[2021.12.21-19.25.21:641][  0]LogPakFile: PakFile PrimaryIndexSize=190
[2021.12.21-19.25.21:641][  0]LogPakFile: PakFile PathHashIndexSize=101
[2021.12.21-19.25.21:641][  0]LogPakFile: PakFile FullDirectoryIndexSize=154
[2021.12.21-19.25.21:641][  0]LogShaderLibrary: Display: ShaderCodeLibraryPakFileMountedCallback: PakFile 'C:/Program Files/Epic Games/UE_4.27/FeaturePacks/TP_2DSideScroller.upack' (chunk index -1, root 'root:/') mounted
[2021.12.21-19.25.21:641][  0]LogShaderLibrary: Display: ShaderCodeLibraryPakFileMountedCallback: pending pak file info (ChunkID:-1 Root:root:/ File:C:/Program Files/Epic Games/UE_4.27/FeaturePacks/TP_2DSideScroller.upack)
[2021.12.21-19.25.21:641][  0]LogPakFile: OnPakFileMounted2Time == 0.000073
[2021.12.21-19.25.21:641][  0]LogPakFile: PakFile PrimaryIndexSize=192
[2021.12.21-19.25.21:641][  0]LogPakFile: PakFile PathHashIndexSize=101
[2021.12.21-19.25.21:641][  0]LogPakFile: PakFile FullDirectoryIndexSize=158
[2021.12.21-19.25.21:641][  0]LogShaderLibrary: Display: ShaderCodeLibraryPakFileMountedCallback: PakFile 'C:/Program Files/Epic Games/UE_4.27/FeaturePacks/TP_2DSideScrollerBP.upack' (chunk index -1, root 'root:/') mounted
[2021.12.21-19.25.21:641][  0]LogShaderLibrary: Display: ShaderCodeLibraryPakFileMountedCallback: pending pak file info (ChunkID:-1 Root:root:/ File:C:/Program Files/Epic Games/UE_4.27/FeaturePacks/TP_2DSideScrollerBP.upack)
[2021.12.21-19.25.21:641][  0]LogPakFile: OnPakFileMounted2Time == 0.000030
[2021.12.21-19.25.21:642][  0]LogPakFile: PakFile PrimaryIndexSize=182
[2021.12.21-19.25.21:642][  0]LogPakFile: PakFile PathHashIndexSize=101
[2021.12.21-19.25.21:642][  0]LogPakFile: PakFile FullDirectoryIndexSize=138
[2021.12.21-19.25.21:642][  0]LogShaderLibrary: Display: ShaderCodeLibraryPakFileMountedCallback: PakFile 'C:/Program Files/Epic Games/UE_4.27/FeaturePacks/TP_Flying.upack' (chunk index -1, root 'root:/') mounted
[2021.12.21-19.25.21:642][  0]LogShaderLibrary: Display: ShaderCodeLibraryPakFileMountedCallback: pending pak file info (ChunkID:-1 Root:root:/ File:C:/Program Files/Epic Games/UE_4.27/FeaturePacks/TP_Flying.upack)
[2021.12.21-19.25.21:642][  0]LogPakFile: OnPakFileMounted2Time == 0.000032
[2021.12.21-19.25.21:642][  0]LogPakFile: PakFile PrimaryIndexSize=184
[2021.12.21-19.25.21:642][  0]LogPakFile: PakFile PathHashIndexSize=101
[2021.12.21-19.25.21:642][  0]LogPakFile: PakFile FullDirectoryIndexSize=142
[2021.12.21-19.25.21:642][  0]LogShaderLibrary: Display: ShaderCodeLibraryPakFileMountedCallback: PakFile 'C:/Program Files/Epic Games/UE_4.27/FeaturePacks/TP_FlyingBP.upack' (chunk index -1, root 'root:/') mounted
[2021.12.21-19.25.21:642][  0]LogShaderLibrary: Display: ShaderCodeLibraryPakFileMountedCallback: pending pak file info (ChunkID:-1 Root:root:/ File:C:/Program Files/Epic Games/UE_4.27/FeaturePacks/TP_FlyingBP.upack)
[2021.12.21-19.25.21:642][  0]LogPakFile: OnPakFileMounted2Time == 0.000030
[2021.12.21-19.25.21:643][  0]LogPakFile: PakFile PrimaryIndexSize=188
[2021.12.21-19.25.21:643][  0]LogPakFile: PakFile PathHashIndexSize=101
[2021.12.21-19.25.21:643][  0]LogPakFile: PakFile FullDirectoryIndexSize=150
[2021.12.21-19.25.21:643][  0]LogShaderLibrary: Display: ShaderCodeLibraryPakFileMountedCallback: PakFile 'C:/Program Files/Epic Games/UE_4.27/FeaturePacks/TP_HandheldARBP.upack' (chunk index -1, root 'root:/') mounted
[2021.12.21-19.25.21:643][  0]LogShaderLibrary: Display: ShaderCodeLibraryPakFileMountedCallback: pending pak file info (ChunkID:-1 Root:root:/ File:C:/Program Files/Epic Games/UE_4.27/FeaturePacks/TP_HandheldARBP.upack)
[2021.12.21-19.25.21:643][  0]LogPakFile: OnPakFileMounted2Time == 0.000030
[2021.12.21-19.25.21:644][  0]LogPakFile: PakFile PrimaryIndexSize=182
[2021.12.21-19.25.21:644][  0]LogPakFile: PakFile PathHashIndexSize=101
[2021.12.21-19.25.21:644][  0]LogPakFile: PakFile FullDirectoryIndexSize=138
[2021.12.21-19.25.21:644][  0]LogShaderLibrary: Display: ShaderCodeLibraryPakFileMountedCallback: PakFile 'C:/Program Files/Epic Games/UE_4.27/FeaturePacks/TP_Puzzle.upack' (chunk index -1, root 'root:/') mounted
[2021.12.21-19.25.21:644][  0]LogShaderLibrary: Display: ShaderCodeLibraryPakFileMountedCallback: pending pak file info (ChunkID:-1 Root:root:/ File:C:/Program Files/Epic Games/UE_4.27/FeaturePacks/TP_Puzzle.upack)
[2021.12.21-19.25.21:644][  0]LogPakFile: OnPakFileMounted2Time == 0.000030
[2021.12.21-19.25.21:644][  0]LogPakFile: PakFile PrimaryIndexSize=184
[2021.12.21-19.25.21:644][  0]LogPakFile: PakFile PathHashIndexSize=101
[2021.12.21-19.25.21:644][  0]LogPakFile: PakFile FullDirectoryIndexSize=142
[2021.12.21-19.25.21:644][  0]LogShaderLibrary: Display: ShaderCodeLibraryPakFileMountedCallback: PakFile 'C:/Program Files/Epic Games/UE_4.27/FeaturePacks/TP_PuzzleBP.upack' (chunk index -1, root 'root:/') mounted
[2021.12.21-19.25.21:644][  0]LogShaderLibrary: Display: ShaderCodeLibraryPakFileMountedCallback: pending pak file info (ChunkID:-1 Root:root:/ File:C:/Program Files/Epic Games/UE_4.27/FeaturePacks/TP_PuzzleBP.upack)
[2021.12.21-19.25.21:644][  0]LogPakFile: OnPakFileMounted2Time == 0.000030
[2021.12.21-19.25.21:645][  0]LogPakFile: PakFile PrimaryIndexSize=183
[2021.12.21-19.25.21:645][  0]LogPakFile: PakFile PathHashIndexSize=101
[2021.12.21-19.25.21:645][  0]LogPakFile: PakFile FullDirectoryIndexSize=140
[2021.12.21-19.25.21:645][  0]LogShaderLibrary: Display: ShaderCodeLibraryPakFileMountedCallback: PakFile 'C:/Program Files/Epic Games/UE_4.27/FeaturePacks/TP_Rolling.upack' (chunk index -1, root 'root:/') mounted
[2021.12.21-19.25.21:645][  0]LogShaderLibrary: Display: ShaderCodeLibraryPakFileMountedCallback: pending pak file info (ChunkID:-1 Root:root:/ File:C:/Program Files/Epic Games/UE_4.27/FeaturePacks/TP_Rolling.upack)
[2021.12.21-19.25.21:645][  0]LogPakFile: OnPakFileMounted2Time == 0.000030
[2021.12.21-19.25.21:645][  0]LogPakFile: PakFile PrimaryIndexSize=185
[2021.12.21-19.25.21:645][  0]LogPakFile: PakFile PathHashIndexSize=101
[2021.12.21-19.25.21:645][  0]LogPakFile: PakFile FullDirectoryIndexSize=144
[2021.12.21-19.25.21:645][  0]LogShaderLibrary: Display: ShaderCodeLibraryPakFileMountedCallback: PakFile 'C:/Program Files/Epic Games/UE_4.27/FeaturePacks/TP_RollingBP.upack' (chunk index -1, root 'root:/') mounted
[2021.12.21-19.25.21:645][  0]LogShaderLibrary: Display: ShaderCodeLibraryPakFileMountedCallback: pending pak file info (ChunkID:-1 Root:root:/ File:C:/Program Files/Epic Games/UE_4.27/FeaturePacks/TP_RollingBP.upack)
[2021.12.21-19.25.21:645][  0]LogPakFile: OnPakFileMounted2Time == 0.000029
[2021.12.21-19.25.21:646][  0]LogPakFile: PakFile PrimaryIndexSize=188
[2021.12.21-19.25.21:646][  0]LogPakFile: PakFile PathHashIndexSize=101
[2021.12.21-19.25.21:646][  0]LogPakFile: PakFile FullDirectoryIndexSize=150
[2021.12.21-19.25.21:646][  0]LogShaderLibrary: Display: ShaderCodeLibraryPakFileMountedCallback: PakFile 'C:/Program Files/Epic Games/UE_4.27/FeaturePacks/TP_SideScroller.upack' (chunk index -1, root 'root:/') mounted
[2021.12.21-19.25.21:646][  0]LogShaderLibrary: Display: ShaderCodeLibraryPakFileMountedCallback: pending pak file info (ChunkID:-1 Root:root:/ File:C:/Program Files/Epic Games/UE_4.27/FeaturePacks/TP_SideScroller.upack)
[2021.12.21-19.25.21:646][  0]LogPakFile: OnPakFileMounted2Time == 0.000032
[2021.12.21-19.25.21:646][  0]LogPakFile: PakFile PrimaryIndexSize=190
[2021.12.21-19.25.21:646][  0]LogPakFile: PakFile PathHashIndexSize=101
[2021.12.21-19.25.21:646][  0]LogPakFile: PakFile FullDirectoryIndexSize=154
[2021.12.21-19.25.21:646][  0]LogShaderLibrary: Display: ShaderCodeLibraryPakFileMountedCallback: PakFile 'C:/Program Files/Epic Games/UE_4.27/FeaturePacks/TP_SideScrollerBP.upack' (chunk index -1, root 'root:/') mounted
[2021.12.21-19.25.21:646][  0]LogShaderLibrary: Display: ShaderCodeLibraryPakFileMountedCallback: pending pak file info (ChunkID:-1 Root:root:/ File:C:/Program Files/Epic Games/UE_4.27/FeaturePacks/TP_SideScrollerBP.upack)
[2021.12.21-19.25.21:646][  0]LogPakFile: OnPakFileMounted2Time == 0.000029
[2021.12.21-19.25.21:647][  0]LogPakFile: PakFile PrimaryIndexSize=187
[2021.12.21-19.25.21:647][  0]LogPakFile: PakFile PathHashIndexSize=101
[2021.12.21-19.25.21:647][  0]LogPakFile: PakFile FullDirectoryIndexSize=148
[2021.12.21-19.25.21:647][  0]LogShaderLibrary: Display: ShaderCodeLibraryPakFileMountedCallback: PakFile 'C:/Program Files/Epic Games/UE_4.27/FeaturePacks/TP_ThirdPerson.upack' (chunk index -1, root 'root:/') mounted
[2021.12.21-19.25.21:647][  0]LogShaderLibrary: Display: ShaderCodeLibraryPakFileMountedCallback: pending pak file info (ChunkID:-1 Root:root:/ File:C:/Program Files/Epic Games/UE_4.27/FeaturePacks/TP_ThirdPerson.upack)
[2021.12.21-19.25.21:647][  0]LogPakFile: OnPakFileMounted2Time == 0.000030
[2021.12.21-19.25.21:647][  0]LogPakFile: PakFile PrimaryIndexSize=189
[2021.12.21-19.25.21:647][  0]LogPakFile: PakFile PathHashIndexSize=101
[2021.12.21-19.25.21:647][  0]LogPakFile: PakFile FullDirectoryIndexSize=152
[2021.12.21-19.25.21:647][  0]LogShaderLibrary: Display: ShaderCodeLibraryPakFileMountedCallback: PakFile 'C:/Program Files/Epic Games/UE_4.27/FeaturePacks/TP_ThirdPersonBP.upack' (chunk index -1, root 'root:/') mounted
[2021.12.21-19.25.21:647][  0]LogShaderLibrary: Display: ShaderCodeLibraryPakFileMountedCallback: pending pak file info (ChunkID:-1 Root:root:/ File:C:/Program Files/Epic Games/UE_4.27/FeaturePacks/TP_ThirdPersonBP.upack)
[2021.12.21-19.25.21:648][  0]LogPakFile: OnPakFileMounted2Time == 0.000064
[2021.12.21-19.25.21:648][  0]LogPakFile: PakFile PrimaryIndexSize=183
[2021.12.21-19.25.21:648][  0]LogPakFile: PakFile PathHashIndexSize=101
[2021.12.21-19.25.21:648][  0]LogPakFile: PakFile FullDirectoryIndexSize=140
[2021.12.21-19.25.21:648][  0]LogShaderLibrary: Display: ShaderCodeLibraryPakFileMountedCallback: PakFile 'C:/Program Files/Epic Games/UE_4.27/FeaturePacks/TP_TopDown.upack' (chunk index -1, root 'root:/') mounted
[2021.12.21-19.25.21:648][  0]LogShaderLibrary: Display: ShaderCodeLibraryPakFileMountedCallback: pending pak file info (ChunkID:-1 Root:root:/ File:C:/Program Files/Epic Games/UE_4.27/FeaturePacks/TP_TopDown.upack)
[2021.12.21-19.25.21:648][  0]LogPakFile: OnPakFileMounted2Time == 0.000040
[2021.12.21-19.25.21:648][  0]LogPakFile: PakFile PrimaryIndexSize=185
[2021.12.21-19.25.21:649][  0]LogPakFile: PakFile PathHashIndexSize=101
[2021.12.21-19.25.21:649][  0]LogPakFile: PakFile FullDirectoryIndexSize=144
[2021.12.21-19.25.21:649][  0]LogShaderLibrary: Display: ShaderCodeLibraryPakFileMountedCallback: PakFile 'C:/Program Files/Epic Games/UE_4.27/FeaturePacks/TP_TopDownBP.upack' (chunk index -1, root 'root:/') mounted
[2021.12.21-19.25.21:649][  0]LogShaderLibrary: Display: ShaderCodeLibraryPakFileMountedCallback: pending pak file info (ChunkID:-1 Root:root:/ File:C:/Program Files/Epic Games/UE_4.27/FeaturePacks/TP_TopDownBP.upack)
[2021.12.21-19.25.21:649][  0]LogPakFile: OnPakFileMounted2Time == 0.000030
[2021.12.21-19.25.21:649][  0]LogPakFile: PakFile PrimaryIndexSize=185
[2021.12.21-19.25.21:649][  0]LogPakFile: PakFile PathHashIndexSize=101
[2021.12.21-19.25.21:649][  0]LogPakFile: PakFile FullDirectoryIndexSize=144
[2021.12.21-19.25.21:649][  0]LogShaderLibrary: Display: ShaderCodeLibraryPakFileMountedCallback: PakFile 'C:/Program Files/Epic Games/UE_4.27/FeaturePacks/TP_TwinStick.upack' (chunk index -1, root 'root:/') mounted
[2021.12.21-19.25.21:649][  0]LogShaderLibrary: Display: ShaderCodeLibraryPakFileMountedCallback: pending pak file info (ChunkID:-1 Root:root:/ File:C:/Program Files/Epic Games/UE_4.27/FeaturePacks/TP_TwinStick.upack)
[2021.12.21-19.25.21:649][  0]LogPakFile: OnPakFileMounted2Time == 0.000032
[2021.12.21-19.25.21:649][  0]LogPakFile: PakFile PrimaryIndexSize=187
[2021.12.21-19.25.21:650][  0]LogPakFile: PakFile PathHashIndexSize=101
[2021.12.21-19.25.21:650][  0]LogPakFile: PakFile FullDirectoryIndexSize=148
[2021.12.21-19.25.21:650][  0]LogShaderLibrary: Display: ShaderCodeLibraryPakFileMountedCallback: PakFile 'C:/Program Files/Epic Games/UE_4.27/FeaturePacks/TP_TwinStickBP.upack' (chunk index -1, root 'root:/') mounted
[2021.12.21-19.25.21:650][  0]LogShaderLibrary: Display: ShaderCodeLibraryPakFileMountedCallback: pending pak file info (ChunkID:-1 Root:root:/ File:C:/Program Files/Epic Games/UE_4.27/FeaturePacks/TP_TwinStickBP.upack)
[2021.12.21-19.25.21:650][  0]LogPakFile: OnPakFileMounted2Time == 0.000030
[2021.12.21-19.25.21:650][  0]LogPakFile: PakFile PrimaryIndexSize=183
[2021.12.21-19.25.21:650][  0]LogPakFile: PakFile PathHashIndexSize=101
[2021.12.21-19.25.21:650][  0]LogPakFile: PakFile FullDirectoryIndexSize=140
[2021.12.21-19.25.21:650][  0]LogShaderLibrary: Display: ShaderCodeLibraryPakFileMountedCallback: PakFile 'C:/Program Files/Epic Games/UE_4.27/FeaturePacks/TP_Vehicle.upack' (chunk index -1, root 'root:/') mounted
[2021.12.21-19.25.21:650][  0]LogShaderLibrary: Display: ShaderCodeLibraryPakFileMountedCallback: pending pak file info (ChunkID:-1 Root:root:/ File:C:/Program Files/Epic Games/UE_4.27/FeaturePacks/TP_Vehicle.upack)
[2021.12.21-19.25.21:650][  0]LogPakFile: OnPakFileMounted2Time == 0.000029
[2021.12.21-19.25.21:650][  0]LogPakFile: PakFile PrimaryIndexSize=186
[2021.12.21-19.25.21:651][  0]LogPakFile: PakFile PathHashIndexSize=101
[2021.12.21-19.25.21:651][  0]LogPakFile: PakFile FullDirectoryIndexSize=146
[2021.12.21-19.25.21:651][  0]LogShaderLibrary: Display: ShaderCodeLibraryPakFileMountedCallback: PakFile 'C:/Program Files/Epic Games/UE_4.27/FeaturePacks/TP_VehicleAdv.upack' (chunk index -1, root 'root:/') mounted
[2021.12.21-19.25.21:651][  0]LogShaderLibrary: Display: ShaderCodeLibraryPakFileMountedCallback: pending pak file info (ChunkID:-1 Root:root:/ File:C:/Program Files/Epic Games/UE_4.27/FeaturePacks/TP_VehicleAdv.upack)
[2021.12.21-19.25.21:651][  0]LogPakFile: OnPakFileMounted2Time == 0.000030
[2021.12.21-19.25.21:651][  0]LogPakFile: PakFile PrimaryIndexSize=188
[2021.12.21-19.25.21:651][  0]LogPakFile: PakFile PathHashIndexSize=101
[2021.12.21-19.25.21:651][  0]LogPakFile: PakFile FullDirectoryIndexSize=150
[2021.12.21-19.25.21:651][  0]LogShaderLibrary: Display: ShaderCodeLibraryPakFileMountedCallback: PakFile 'C:/Program Files/Epic Games/UE_4.27/FeaturePacks/TP_VehicleAdvBP.upack' (chunk index -1, root 'root:/') mounted
[2021.12.21-19.25.21:651][  0]LogShaderLibrary: Display: ShaderCodeLibraryPakFileMountedCallback: pending pak file info (ChunkID:-1 Root:root:/ File:C:/Program Files/Epic Games/UE_4.27/FeaturePacks/TP_VehicleAdvBP.upack)
[2021.12.21-19.25.21:651][  0]LogPakFile: OnPakFileMounted2Time == 0.000032
[2021.12.21-19.25.21:652][  0]LogPakFile: PakFile PrimaryIndexSize=185
[2021.12.21-19.25.21:652][  0]LogPakFile: PakFile PathHashIndexSize=101
[2021.12.21-19.25.21:652][  0]LogPakFile: PakFile FullDirectoryIndexSize=144
[2021.12.21-19.25.21:652][  0]LogShaderLibrary: Display: ShaderCodeLibraryPakFileMountedCallback: PakFile 'C:/Program Files/Epic Games/UE_4.27/FeaturePacks/TP_VehicleBP.upack' (chunk index -1, root 'root:/') mounted
[2021.12.21-19.25.21:652][  0]LogShaderLibrary: Display: ShaderCodeLibraryPakFileMountedCallback: pending pak file info (ChunkID:-1 Root:root:/ File:C:/Program Files/Epic Games/UE_4.27/FeaturePacks/TP_VehicleBP.upack)
[2021.12.21-19.25.21:652][  0]LogPakFile: OnPakFileMounted2Time == 0.000030
[2021.12.21-19.25.21:652][  0]LogPakFile: PakFile PrimaryIndexSize=192
[2021.12.21-19.25.21:652][  0]LogPakFile: PakFile PathHashIndexSize=101
[2021.12.21-19.25.21:652][  0]LogPakFile: PakFile FullDirectoryIndexSize=158
[2021.12.21-19.25.21:652][  0]LogShaderLibrary: Display: ShaderCodeLibraryPakFileMountedCallback: PakFile 'C:/Program Files/Epic Games/UE_4.27/FeaturePacks/TP_VirtualRealityBP.upack' (chunk index -1, root 'root:/') mounted
[2021.12.21-19.25.21:652][  0]LogShaderLibrary: Display: ShaderCodeLibraryPakFileMountedCallback: pending pak file info (ChunkID:-1 Root:root:/ File:C:/Program Files/Epic Games/UE_4.27/FeaturePacks/TP_VirtualRealityBP.upack)
[2021.12.21-19.25.21:652][  0]LogPakFile: OnPakFileMounted2Time == 0.000030
[2021.12.21-19.25.21:692][  0]LogNativeClassHierarchy: Verbose: Native class hierarchy updated for 'AddContentDialog' in 0.0002 seconds. Added 0 classes and 0 folders.
[2021.12.21-19.25.21:693][  0]LogNativeClassHierarchy: Verbose: Native class hierarchy updated for 'SceneOutliner' in 0.0002 seconds. Added 2 classes and 0 folders.
[2021.12.21-19.25.21:715][  0]LogSlate: Took 0.000117 seconds to synchronously load lazily loaded font '../../../Engine/Content/Slate/Fonts/Roboto-Regular.ttf' (155K)
[2021.12.21-19.25.21:715][  0]LogSlate: Took 0.000095 seconds to synchronously load lazily loaded font '../../../Engine/Content/Editor/Slate/Fonts/FontAwesome.ttf' (139K)
[2021.12.21-19.25.21:716][  0]LogSlate: Took 0.000103 seconds to synchronously load lazily loaded font '../../../Engine/Content/Slate/Fonts/Roboto-Bold.ttf' (160K)
[2021.12.21-19.25.21:803][  0]LogRenderer: Reallocating scene render targets to support 1208x572 Format 10 NumSamples 1 (Frame:1).
[2021.12.21-19.25.21:868][  0]LogSlate: Took 0.000347 seconds to synchronously load lazily loaded font '../../../Engine/Content/Slate/Fonts/Roboto-Light.ttf' (167K)
[2021.12.21-19.25.21:918][  0]LogNativeClassHierarchy: Verbose: Native class hierarchy updated for 'HierarchicalLODOutliner' in 0.0003 seconds. Added 0 classes and 0 folders.
[2021.12.21-19.25.21:918][  0]LogInput: Warning: Action Jump uses invalid key OculusGo_Left_Trigger_Click.
[2021.12.21-19.25.21:918][  0]LogInput: Warning: Action ResetVR uses invalid key OculusGo_Left_Trackpad_Click.
[2021.12.21-19.25.21:918][  0]LogInput: Warning: Use -RemoveInvalidKeys to remove instances of these keys from the action mapping.
[2021.12.21-19.25.21:918][  0]LogLoad: (Engine Initialization) Total time: 6.71 seconds
[2021.12.21-19.25.21:918][  0]LogLoad: (Engine Initialization) Total Blueprint compile time: 0.00 seconds
[2021.12.21-19.25.21:965][  0]LogAssetRegistry: Asset discovery search completed in 3.9540 seconds
[2021.12.21-19.25.21:969][  0]LogCollectionManager: Fixed up redirectors for 0 collections in 0.000003 seconds (updated 0 objects)
[2021.12.21-19.25.21:971][  0]LogContentStreaming: Texture pool size now 1000 MB
